Using pre-set license
Built from '2020.3/staging' branch; Version is '2020.3.5f1 (8095aa901b9b) revision 8426922'; Using compiler version '192528614'; Build Type 'Release'
OS: 'Windows 10 Pro; OS build 19042.1052; Version 2009; 64bit' Language: 'pt' Physical Memory: 6090 MB
BatchMode: 1, IsHumanControllingUs: 0, StartBugReporterOnCrash: 0, Is64bit: 1, IsPro: 0

 COMMAND LINE ARGUMENTS:
C:\Program Files\Unity\Hub\Editor\2020.3.5f1\Editor\Unity.exe
-adb2
-batchMode
-noUpm
-name
AssetImportWorker0
-projectPath
C:/Users/henri/OneDrive/Documentos/Projetos/Polis/reposi2021/Polis-Project
-logFile
Logs/AssetImportWorker0.log
-srvPort
58489
Successfully changed project path to: C:/Users/henri/OneDrive/Documentos/Projetos/Polis/reposi2021/Polis-Project
C:/Users/henri/OneDrive/Documentos/Projetos/Polis/reposi2021/Polis-Project
Using Asset Import Pipeline V2.
Refreshing native plugins compatible for Editor in 51.64 ms, found 1 plugins.
Preloading 0 native plugins for Editor in 0.00 ms.
Initialize engine version: 2020.3.5f1 (8095aa901b9b)
[Subsystems] Discovering subsystems at path C:/Program Files/Unity/Hub/Editor/2020.3.5f1/Editor/Data/Resources/UnitySubsystems
[Subsystems] Discovering subsystems at path C:/Users/henri/OneDrive/Documentos/Projetos/Polis/reposi2021/Polis-Project/Assets
GfxDevice: creating device client; threaded=0
Direct3D:
    Version:  Direct3D 11.0 [level 11.0]
    Renderer: NVIDIA GeForce GT 610 (ID=0x104a)
    Vendor:   
    VRAM:     1989 MB
    Driver:   23.21.13.9135
Initialize mono
Mono path[0] = 'C:/Program Files/Unity/Hub/Editor/2020.3.5f1/Editor/Data/Managed'
Mono path[1] = 'C:/Program Files/Unity/Hub/Editor/2020.3.5f1/Editor/Data/MonoBleedingEdge/lib/mono/unityjit'
Mono config path = 'C:/Program Files/Unity/Hub/Editor/2020.3.5f1/Editor/Data/MonoBleedingEdge/etc'
Using monoOptions --debugger-agent=transport=dt_socket,embedding=1,server=y,suspend=n,address=127.0.0.1:56252
Begin MonoManager ReloadAssembly
Registering precompiled unity dll's ...
Register platform support module: C:/Program Files/Unity/Hub/Editor/2020.3.5f1/Editor/Data/PlaybackEngines/WindowsStandaloneSupport/UnityEditor.WindowsStandalone.Extensions.dll
Registered in 0.004223 seconds.
Native extension for WindowsStandalone target not found
Refreshing native plugins compatible for Editor in 50.61 ms, found 1 plugins.
Preloading 0 native plugins for Editor in 0.00 ms.
Mono: successfully reloaded assembly
- Completed reload, in  4.054 seconds
Platform modules already initialized, skipping
Registering precompiled user dll's ...
Registered in 0.001661 seconds.
Begin MonoManager ReloadAssembly
Native extension for WindowsStandalone target not found
Refreshing native plugins compatible for Editor in 51.14 ms, found 1 plugins.
Preloading 0 native plugins for Editor in 0.00 ms.
Mono: successfully reloaded assembly
- Completed reload, in  1.331 seconds
Platform modules already initialized, skipping
========================================================================
Worker process is ready to serve import requests
Launched and connected shader compiler UnityShaderCompiler.exe after 0.10 seconds
Refreshing native plugins compatible for Editor in 0.43 ms, found 1 plugins.
Preloading 0 native plugins for Editor in 0.00 ms.
Unloading 1819 Unused Serialized files (Serialized files now loaded: 0)
System memory in use before: 85.9 MB.
System memory in use after: 86.0 MB.

Unloading 21 unused Assets to reduce memory usage. Loaded Objects now: 2265.
Total: 2.283900 ms (FindLiveObjects: 0.197600 ms CreateObjectMapping: 0.074300 ms MarkObjects: 1.886400 ms  DeleteObjects: 0.124000 ms)

========================================================================
Received Prepare
Registering precompiled user dll's ...
Registered in 0.002364 seconds.
Begin MonoManager ReloadAssembly
Native extension for WindowsStandalone target not found
Refreshing native plugins compatible for Editor in 0.45 ms, found 1 plugins.
Preloading 0 native plugins for Editor in 0.00 ms.
Mono: successfully reloaded assembly
- Completed reload, in  1.344 seconds
Platform modules already initialized, skipping
Refreshing native plugins compatible for Editor in 0.46 ms, found 1 plugins.
Preloading 0 native plugins for Editor in 0.00 ms.
Unloading 1811 Unused Serialized files (Serialized files now loaded: 0)
System memory in use before: 85.6 MB.
System memory in use after: 85.6 MB.

Unloading 9 unused Assets to reduce memory usage. Loaded Objects now: 2269.
Total: 2.380800 ms (FindLiveObjects: 0.248800 ms CreateObjectMapping: 0.088300 ms MarkObjects: 1.953300 ms  DeleteObjects: 0.088800 ms)

========================================================================
Received Import Request.
  path: Assets/Prefabs/CamTransition/Transition.prefab
  artifactKey: Guid(6cff005cb02d23c47a9a5023eafe2776) Importer(815301076,1909f56bfc062723c751e8b465ee728b)
Start importing Assets/Prefabs/CamTransition/Transition.prefab using Guid(6cff005cb02d23c47a9a5023eafe2776) Importer(815301076,1909f56bfc062723c751e8b465ee728b)  -> (artifact id: 'f86bd91e1376cdb3b6da7b80e56e0212') in 0.304276 seconds
  Import took 0.327746 seconds .

========================================================================
Received Prepare
Registering precompiled user dll's ...
Registered in 0.001677 seconds.
Begin MonoManager ReloadAssembly
Native extension for WindowsStandalone target not found
Refreshing native plugins compatible for Editor in 0.45 ms, found 1 plugins.
Preloading 0 native plugins for Editor in 0.00 ms.
Mono: successfully reloaded assembly
- Completed reload, in  1.396 seconds
Platform modules already initialized, skipping
Refreshing native plugins compatible for Editor in 0.45 ms, found 1 plugins.
Preloading 0 native plugins for Editor in 0.00 ms.
Unloading 1811 Unused Serialized files (Serialized files now loaded: 0)
System memory in use before: 88.7 MB.
System memory in use after: 88.8 MB.

Unloading 9 unused Assets to reduce memory usage. Loaded Objects now: 2280.
Total: 2.542800 ms (FindLiveObjects: 0.267600 ms CreateObjectMapping: 0.076800 ms MarkObjects: 2.059900 ms  DeleteObjects: 0.136600 ms)

========================================================================
Received Import Request.
  Time since last request: 11.059191 seconds.
  path: Assets/Prefabs/CamTransition/Transition.prefab
  artifactKey: Guid(6cff005cb02d23c47a9a5023eafe2776) Importer(815301076,1909f56bfc062723c751e8b465ee728b)
Start importing Assets/Prefabs/CamTransition/Transition.prefab using Guid(6cff005cb02d23c47a9a5023eafe2776) Importer(815301076,1909f56bfc062723c751e8b465ee728b)  -> (artifact id: 'cca45a18c1d0e7b7c696d3ec7f4cab13') in 0.086680 seconds
  Import took 0.109090 seconds .

========================================================================
Received Prepare
Registering precompiled user dll's ...
Registered in 0.001719 seconds.
Begin MonoManager ReloadAssembly
Native extension for WindowsStandalone target not found
Refreshing native plugins compatible for Editor in 0.52 ms, found 1 plugins.
Preloading 0 native plugins for Editor in 0.00 ms.
Mono: successfully reloaded assembly
- Completed reload, in  1.347 seconds
Platform modules already initialized, skipping
Refreshing native plugins compatible for Editor in 0.43 ms, found 1 plugins.
Preloading 0 native plugins for Editor in 0.00 ms.
Unloading 1811 Unused Serialized files (Serialized files now loaded: 0)
System memory in use before: 88.7 MB.
System memory in use after: 88.8 MB.

Unloading 9 unused Assets to reduce memory usage. Loaded Objects now: 2285.
Total: 2.821700 ms (FindLiveObjects: 0.241900 ms CreateObjectMapping: 0.154400 ms MarkObjects: 2.339700 ms  DeleteObjects: 0.083600 ms)

========================================================================
Received Import Request.
  Time since last request: 22.471165 seconds.
  path: Assets/Prefabs/CamTransition/Transition.prefab
  artifactKey: Guid(6cff005cb02d23c47a9a5023eafe2776) Importer(815301076,1909f56bfc062723c751e8b465ee728b)
Start importing Assets/Prefabs/CamTransition/Transition.prefab using Guid(6cff005cb02d23c47a9a5023eafe2776) Importer(815301076,1909f56bfc062723c751e8b465ee728b)  -> (artifact id: '98afb5f5b03acdc4e06571c555d73082') in 0.091134 seconds
  Import took 0.122870 seconds .

========================================================================
Received Prepare
Registering precompiled user dll's ...
Registered in 0.001747 seconds.
Begin MonoManager ReloadAssembly
Native extension for WindowsStandalone target not found
Refreshing native plugins compatible for Editor in 0.46 ms, found 1 plugins.
Preloading 0 native plugins for Editor in 0.00 ms.
Mono: successfully reloaded assembly
- Completed reload, in  1.312 seconds
Platform modules already initialized, skipping
Refreshing native plugins compatible for Editor in 0.43 ms, found 1 plugins.
Preloading 0 native plugins for Editor in 0.00 ms.
Unloading 1811 Unused Serialized files (Serialized files now loaded: 0)
System memory in use before: 88.8 MB.
System memory in use after: 88.8 MB.

Unloading 9 unused Assets to reduce memory usage. Loaded Objects now: 2290.
Total: 2.611200 ms (FindLiveObjects: 0.258000 ms CreateObjectMapping: 0.138300 ms MarkObjects: 2.125600 ms  DeleteObjects: 0.087600 ms)

========================================================================
Received Import Request.
  Time since last request: 11.290508 seconds.
  path: Assets/Prefabs/CamTransition/Transition.prefab
  artifactKey: Guid(6cff005cb02d23c47a9a5023eafe2776) Importer(815301076,1909f56bfc062723c751e8b465ee728b)
Start importing Assets/Prefabs/CamTransition/Transition.prefab using Guid(6cff005cb02d23c47a9a5023eafe2776) Importer(815301076,1909f56bfc062723c751e8b465ee728b)  -> (artifact id: 'bbe35e2e8235a9972d51cefe9ee603d3') in 0.086507 seconds
  Import took 0.109995 seconds .

========================================================================
Received Import Request.
  Time since last request: 14.418606 seconds.
  path: Assets/Prefabs/CamTransition/Transition.prefab
  artifactKey: Guid(6cff005cb02d23c47a9a5023eafe2776) Importer(815301076,1909f56bfc062723c751e8b465ee728b)
Start importing Assets/Prefabs/CamTransition/Transition.prefab using Guid(6cff005cb02d23c47a9a5023eafe2776) Importer(815301076,1909f56bfc062723c751e8b465ee728b)  -> (artifact id: '924560cbb66e747006f7291c6e7ef557') in 0.013697 seconds
  Import took 0.027574 seconds .

========================================================================
Received Import Request.
  Time since last request: 0.065332 seconds.
  path: Assets/Prefabs/CamTransition/Transition.prefab
  artifactKey: Guid(6cff005cb02d23c47a9a5023eafe2776) Importer(815301076,1909f56bfc062723c751e8b465ee728b)
Start importing Assets/Prefabs/CamTransition/Transition.prefab using Guid(6cff005cb02d23c47a9a5023eafe2776) Importer(815301076,1909f56bfc062723c751e8b465ee728b)  -> (artifact id: '924560cbb66e747006f7291c6e7ef557') in 0.014564 seconds
  Import took 0.018405 seconds .

========================================================================
Received Prepare
Registering precompiled user dll's ...
Registered in 0.001799 seconds.
Begin MonoManager ReloadAssembly
Native extension for WindowsStandalone target not found
Refreshing native plugins compatible for Editor in 0.43 ms, found 1 plugins.
Preloading 0 native plugins for Editor in 0.00 ms.
Mono: successfully reloaded assembly
- Completed reload, in  1.215 seconds
Platform modules already initialized, skipping
Refreshing native plugins compatible for Editor in 0.44 ms, found 1 plugins.
Preloading 0 native plugins for Editor in 0.00 ms.
Unloading 1811 Unused Serialized files (Serialized files now loaded: 0)
System memory in use before: 88.8 MB.
System memory in use after: 88.8 MB.

Unloading 9 unused Assets to reduce memory usage. Loaded Objects now: 2295.
Total: 2.283300 ms (FindLiveObjects: 0.205600 ms CreateObjectMapping: 0.075700 ms MarkObjects: 1.907900 ms  DeleteObjects: 0.092600 ms)

========================================================================
Received Prepare
Registering precompiled user dll's ...
Registered in 0.001861 seconds.
Begin MonoManager ReloadAssembly
Native extension for WindowsStandalone target not found
Refreshing native plugins compatible for Editor in 0.67 ms, found 1 plugins.
Preloading 0 native plugins for Editor in 0.00 ms.
Mono: successfully reloaded assembly
- Completed reload, in  1.207 seconds
Platform modules already initialized, skipping
Refreshing native plugins compatible for Editor in 0.43 ms, found 1 plugins.
Preloading 0 native plugins for Editor in 0.00 ms.
Unloading 1811 Unused Serialized files (Serialized files now loaded: 0)
System memory in use before: 88.8 MB.
System memory in use after: 88.8 MB.

Unloading 9 unused Assets to reduce memory usage. Loaded Objects now: 2299.
Total: 2.275500 ms (FindLiveObjects: 0.226700 ms CreateObjectMapping: 0.089700 ms MarkObjects: 1.869800 ms  DeleteObjects: 0.087800 ms)

========================================================================
Received Import Request.
  Time since last request: 18.249852 seconds.
  path: Assets/Prefabs/CamTransition/Transition.prefab
  artifactKey: Guid(6cff005cb02d23c47a9a5023eafe2776) Importer(815301076,1909f56bfc062723c751e8b465ee728b)
Start importing Assets/Prefabs/CamTransition/Transition.prefab using Guid(6cff005cb02d23c47a9a5023eafe2776) Importer(815301076,1909f56bfc062723c751e8b465ee728b)  -> (artifact id: 'e3dcc44d90bc7616a394b47418f9ba46') in 0.072128 seconds
  Import took 0.093805 seconds .

========================================================================
Received Import Request.
  Time since last request: 19.824347 seconds.
  path: Assets/Scripts/Player_Scripts/Change_Scene.cs
  artifactKey: Guid(d9f1e16a97eb77943971bcf06baa8f3e) Importer(815301076,1909f56bfc062723c751e8b465ee728b)
Start importing Assets/Scripts/Player_Scripts/Change_Scene.cs using Guid(d9f1e16a97eb77943971bcf06baa8f3e) Importer(815301076,1909f56bfc062723c751e8b465ee728b)  -> (artifact id: '7d382a758b51f6a02b69f61d7c39304d') in 0.015077 seconds
  Import took 0.033342 seconds .

========================================================================
Received Import Request.
  Time since last request: 0.012121 seconds.
  path: Assets/Scripts/Player_Scripts/Change_Scene.cs
  artifactKey: Guid(d9f1e16a97eb77943971bcf06baa8f3e) Importer(815301076,1909f56bfc062723c751e8b465ee728b)
Start importing Assets/Scripts/Player_Scripts/Change_Scene.cs using Guid(d9f1e16a97eb77943971bcf06baa8f3e) Importer(815301076,1909f56bfc062723c751e8b465ee728b)  -> (artifact id: '7d382a758b51f6a02b69f61d7c39304d') in 0.013757 seconds
  Import took 0.017935 seconds .

========================================================================
Received Prepare
Registering precompiled user dll's ...
Registered in 0.001818 seconds.
Begin MonoManager ReloadAssembly
Native extension for WindowsStandalone target not found
Refreshing native plugins compatible for Editor in 0.46 ms, found 1 plugins.
Preloading 0 native plugins for Editor in 0.00 ms.
Mono: successfully reloaded assembly
- Completed reload, in  1.142 seconds
Platform modules already initialized, skipping
Refreshing native plugins compatible for Editor in 0.41 ms, found 1 plugins.
Preloading 0 native plugins for Editor in 0.00 ms.
Unloading 1811 Unused Serialized files (Serialized files now loaded: 0)
System memory in use before: 88.8 MB.
System memory in use after: 88.9 MB.

Unloading 9 unused Assets to reduce memory usage. Loaded Objects now: 2304.
Total: 2.329600 ms (FindLiveObjects: 0.201400 ms CreateObjectMapping: 0.072800 ms MarkObjects: 1.955100 ms  DeleteObjects: 0.099000 ms)

========================================================================
Received Import Request.
  Time since last request: 308.792314 seconds.
  path: Assets/Scripts/Player_Scripts/Change_Scene.cs
  artifactKey: Guid(d9f1e16a97eb77943971bcf06baa8f3e) Importer(815301076,1909f56bfc062723c751e8b465ee728b)
Start importing Assets/Scripts/Player_Scripts/Change_Scene.cs using Guid(d9f1e16a97eb77943971bcf06baa8f3e) Importer(815301076,1909f56bfc062723c751e8b465ee728b)  -> (artifact id: 'f77fd4b85704e11d40790a9d4ac9396e') in 0.010551 seconds
  Import took 0.030050 seconds .

========================================================================
Received Import Request.
  Time since last request: 4.538659 seconds.
  path: Assets/Prefabs/CamTransition/Transition.prefab
  artifactKey: Guid(6cff005cb02d23c47a9a5023eafe2776) Importer(815301076,1909f56bfc062723c751e8b465ee728b)
Start importing Assets/Prefabs/CamTransition/Transition.prefab using Guid(6cff005cb02d23c47a9a5023eafe2776) Importer(815301076,1909f56bfc062723c751e8b465ee728b)  -> (artifact id: 'd3016802ca45b0fe3d5fa0254485413a') in 0.077794 seconds
  Import took 0.102594 seconds .

========================================================================
Received Prepare
Registering precompiled user dll's ...
Registered in 0.002049 seconds.
Begin MonoManager ReloadAssembly
Native extension for WindowsStandalone target not found
Refreshing native plugins compatible for Editor in 0.43 ms, found 1 plugins.
Preloading 0 native plugins for Editor in 0.00 ms.
Mono: successfully reloaded assembly
- Completed reload, in  1.314 seconds
Platform modules already initialized, skipping
Refreshing native plugins compatible for Editor in 0.44 ms, found 1 plugins.
Preloading 0 native plugins for Editor in 0.00 ms.
Unloading 1811 Unused Serialized files (Serialized files now loaded: 0)
System memory in use before: 88.8 MB.
System memory in use after: 88.9 MB.

Unloading 9 unused Assets to reduce memory usage. Loaded Objects now: 2309.
Total: 3.097400 ms (FindLiveObjects: 0.197200 ms CreateObjectMapping: 0.075700 ms MarkObjects: 2.715800 ms  DeleteObjects: 0.107100 ms)

========================================================================
Received Import Request.
  Time since last request: 9.945555 seconds.
  path: Assets/Prefabs/CamTransition/Transition.prefab
  artifactKey: Guid(6cff005cb02d23c47a9a5023eafe2776) Importer(815301076,1909f56bfc062723c751e8b465ee728b)
Start importing Assets/Prefabs/CamTransition/Transition.prefab using Guid(6cff005cb02d23c47a9a5023eafe2776) Importer(815301076,1909f56bfc062723c751e8b465ee728b)  -> (artifact id: 'b072025c6d30ead6b862f9228028752d') in 0.089858 seconds
  Import took 0.114000 seconds .

========================================================================
Received Prepare
Registering precompiled user dll's ...
Registered in 0.001709 seconds.
Begin MonoManager ReloadAssembly
Native extension for WindowsStandalone target not found
Refreshing native plugins compatible for Editor in 0.48 ms, found 1 plugins.
Preloading 0 native plugins for Editor in 0.00 ms.
Mono: successfully reloaded assembly
- Completed reload, in  1.319 seconds
Platform modules already initialized, skipping
Refreshing native plugins compatible for Editor in 1.00 ms, found 1 plugins.
Preloading 0 native plugins for Editor in 0.00 ms.
Unloading 1811 Unused Serialized files (Serialized files now loaded: 0)
System memory in use before: 88.8 MB.
System memory in use after: 88.9 MB.

Unloading 9 unused Assets to reduce memory usage. Loaded Objects now: 2314.
Total: 2.520800 ms (FindLiveObjects: 0.240500 ms CreateObjectMapping: 0.089200 ms MarkObjects: 2.103300 ms  DeleteObjects: 0.085800 ms)

========================================================================
Received Import Request.
  Time since last request: 19.680288 seconds.
  path: Assets/Prefabs/CamTransition/Transition.prefab
  artifactKey: Guid(6cff005cb02d23c47a9a5023eafe2776) Importer(815301076,1909f56bfc062723c751e8b465ee728b)
Start importing Assets/Prefabs/CamTransition/Transition.prefab using Guid(6cff005cb02d23c47a9a5023eafe2776) Importer(815301076,1909f56bfc062723c751e8b465ee728b)  -> (artifact id: '28dc5332789cfa1714492fa9d682f678') in 0.084495 seconds
  Import took 0.106140 seconds .

========================================================================
Received Prepare
Registering precompiled user dll's ...
Registered in 0.001777 seconds.
Begin MonoManager ReloadAssembly
Native extension for WindowsStandalone target not found
Refreshing native plugins compatible for Editor in 0.42 ms, found 1 plugins.
Preloading 0 native plugins for Editor in 0.00 ms.
Mono: successfully reloaded assembly
- Completed reload, in  1.117 seconds
Platform modules already initialized, skipping
Refreshing native plugins compatible for Editor in 0.42 ms, found 1 plugins.
Preloading 0 native plugins for Editor in 0.00 ms.
Unloading 1811 Unused Serialized files (Serialized files now loaded: 0)
System memory in use before: 88.9 MB.
System memory in use after: 88.9 MB.

Unloading 9 unused Assets to reduce memory usage. Loaded Objects now: 2319.
Total: 2.306700 ms (FindLiveObjects: 0.190200 ms CreateObjectMapping: 0.074900 ms MarkObjects: 1.943100 ms  DeleteObjects: 0.097300 ms)

========================================================================
Received Import Request.
  Time since last request: 34.299962 seconds.
  path: Assets/Prefabs/CamTransition/Transition.prefab
  artifactKey: Guid(6cff005cb02d23c47a9a5023eafe2776) Importer(815301076,1909f56bfc062723c751e8b465ee728b)
Start importing Assets/Prefabs/CamTransition/Transition.prefab using Guid(6cff005cb02d23c47a9a5023eafe2776) Importer(815301076,1909f56bfc062723c751e8b465ee728b)  -> (artifact id: 'ba78306cdc45f6ebd930cffc2e06f5b5') in 0.076406 seconds
  Import took 0.100000 seconds .

========================================================================
Received Prepare
Registering precompiled user dll's ...
Registered in 0.001754 seconds.
Begin MonoManager ReloadAssembly
Native extension for WindowsStandalone target not found
Refreshing native plugins compatible for Editor in 0.42 ms, found 1 plugins.
Preloading 0 native plugins for Editor in 0.00 ms.
Mono: successfully reloaded assembly
- Completed reload, in  1.110 seconds
Platform modules already initialized, skipping
Refreshing native plugins compatible for Editor in 0.43 ms, found 1 plugins.
Preloading 0 native plugins for Editor in 0.00 ms.
Unloading 1811 Unused Serialized files (Serialized files now loaded: 0)
System memory in use before: 88.9 MB.
System memory in use after: 88.9 MB.

Unloading 9 unused Assets to reduce memory usage. Loaded Objects now: 2324.
Total: 2.330400 ms (FindLiveObjects: 0.198800 ms CreateObjectMapping: 0.072900 ms MarkObjects: 1.955300 ms  DeleteObjects: 0.102400 ms)

========================================================================
Received Import Request.
  Time since last request: 12.775600 seconds.
  path: Assets/Prefabs/CamTransition/Transition.prefab
  artifactKey: Guid(6cff005cb02d23c47a9a5023eafe2776) Importer(815301076,1909f56bfc062723c751e8b465ee728b)
Start importing Assets/Prefabs/CamTransition/Transition.prefab using Guid(6cff005cb02d23c47a9a5023eafe2776) Importer(815301076,1909f56bfc062723c751e8b465ee728b)  -> (artifact id: '7ca1987f2d6699033d3fa24629d21825') in 0.068726 seconds
  Import took 0.072705 seconds .

========================================================================
Received Import Request.
  Time since last request: 0.021303 seconds.
  path: Assets/Prefabs/CamTransition/Transition.prefab
  artifactKey: Guid(6cff005cb02d23c47a9a5023eafe2776) Importer(815301076,1909f56bfc062723c751e8b465ee728b)
Start importing Assets/Prefabs/CamTransition/Transition.prefab using Guid(6cff005cb02d23c47a9a5023eafe2776) Importer(815301076,1909f56bfc062723c751e8b465ee728b)  -> (artifact id: '7ca1987f2d6699033d3fa24629d21825') in 0.018752 seconds
  Import took 0.022622 seconds .

========================================================================
Received Prepare
Registering precompiled user dll's ...
Registered in 0.001700 seconds.
Begin MonoManager ReloadAssembly
Native extension for WindowsStandalone target not found
Refreshing native plugins compatible for Editor in 0.43 ms, found 1 plugins.
Preloading 0 native plugins for Editor in 0.00 ms.
Mono: successfully reloaded assembly
- Completed reload, in  1.129 seconds
Platform modules already initialized, skipping
Refreshing native plugins compatible for Editor in 0.44 ms, found 1 plugins.
Preloading 0 native plugins for Editor in 0.00 ms.
Unloading 1811 Unused Serialized files (Serialized files now loaded: 0)
System memory in use before: 88.9 MB.
System memory in use after: 88.9 MB.

Unloading 9 unused Assets to reduce memory usage. Loaded Objects now: 2329.
Total: 2.197600 ms (FindLiveObjects: 0.201100 ms CreateObjectMapping: 0.078300 ms MarkObjects: 1.823400 ms  DeleteObjects: 0.093300 ms)

========================================================================
Received Prepare
Registering precompiled user dll's ...
Registered in 0.001855 seconds.
Begin MonoManager ReloadAssembly
Native extension for WindowsStandalone target not found
Refreshing native plugins compatible for Editor in 0.48 ms, found 1 plugins.
Preloading 0 native plugins for Editor in 0.00 ms.
Mono: successfully reloaded assembly
- Completed reload, in  1.388 seconds
Platform modules already initialized, skipping
Refreshing native plugins compatible for Editor in 0.50 ms, found 1 plugins.
Preloading 0 native plugins for Editor in 0.00 ms.
Unloading 1811 Unused Serialized files (Serialized files now loaded: 0)
System memory in use before: 88.9 MB.
System memory in use after: 88.9 MB.

Unloading 9 unused Assets to reduce memory usage. Loaded Objects now: 2333.
Total: 3.229400 ms (FindLiveObjects: 0.409100 ms CreateObjectMapping: 0.178000 ms MarkObjects: 2.546400 ms  DeleteObjects: 0.093500 ms)

========================================================================
Received Import Request.
  Time since last request: 13.565551 seconds.
  path: Assets/Prefabs/CamTransition/Transition.prefab
  artifactKey: Guid(6cff005cb02d23c47a9a5023eafe2776) Importer(815301076,1909f56bfc062723c751e8b465ee728b)
Start importing Assets/Prefabs/CamTransition/Transition.prefab using Guid(6cff005cb02d23c47a9a5023eafe2776) Importer(815301076,1909f56bfc062723c751e8b465ee728b)  -> (artifact id: 'b31e752faab827b2a17351b0ec3b581b') in 0.086284 seconds
  Import took 0.136841 seconds .

========================================================================
Received Prepare
Registering precompiled user dll's ...
Registered in 0.001969 seconds.
Begin MonoManager ReloadAssembly
Native extension for WindowsStandalone target not found
Refreshing native plugins compatible for Editor in 0.48 ms, found 1 plugins.
Preloading 0 native plugins for Editor in 0.00 ms.
Mono: successfully reloaded assembly
- Completed reload, in  1.361 seconds
Platform modules already initialized, skipping
Refreshing native plugins compatible for Editor in 0.44 ms, found 1 plugins.
Preloading 0 native plugins for Editor in 0.00 ms.
Unloading 1811 Unused Serialized files (Serialized files now loaded: 0)
System memory in use before: 88.9 MB.
System memory in use after: 89.0 MB.

Unloading 9 unused Assets to reduce memory usage. Loaded Objects now: 2338.
Total: 3.089200 ms (FindLiveObjects: 0.265400 ms CreateObjectMapping: 0.212900 ms MarkObjects: 2.512200 ms  DeleteObjects: 0.096500 ms)

========================================================================
Received Import Request.
  Time since last request: 11.907175 seconds.
  path: Assets/Prefabs/CamTransition/Transition.prefab
  artifactKey: Guid(6cff005cb02d23c47a9a5023eafe2776) Importer(815301076,1909f56bfc062723c751e8b465ee728b)
Start importing Assets/Prefabs/CamTransition/Transition.prefab using Guid(6cff005cb02d23c47a9a5023eafe2776) Importer(815301076,1909f56bfc062723c751e8b465ee728b)  -> (artifact id: 'c49dd4b4d880ae5dff1e6aac7f519045') in 0.087871 seconds
  Import took 0.111123 seconds .

========================================================================
Received Prepare
Registering precompiled user dll's ...
Registered in 0.001698 seconds.
Begin MonoManager ReloadAssembly
Native extension for WindowsStandalone target not found
Refreshing native plugins compatible for Editor in 0.44 ms, found 1 plugins.
Preloading 0 native plugins for Editor in 0.00 ms.
Mono: successfully reloaded assembly
- Completed reload, in  1.370 seconds
Platform modules already initialized, skipping
Refreshing native plugins compatible for Editor in 0.49 ms, found 1 plugins.
Preloading 0 native plugins for Editor in 0.00 ms.
Unloading 1811 Unused Serialized files (Serialized files now loaded: 0)
System memory in use before: 88.9 MB.
System memory in use after: 89.0 MB.

Unloading 9 unused Assets to reduce memory usage. Loaded Objects now: 2343.
Total: 10.771800 ms (FindLiveObjects: 0.298000 ms CreateObjectMapping: 0.187900 ms MarkObjects: 10.185400 ms  DeleteObjects: 0.098200 ms)

========================================================================
Received Import Request.
  Time since last request: 14.837404 seconds.
  path: Assets/Prefabs/CamTransition/Transition.prefab
  artifactKey: Guid(6cff005cb02d23c47a9a5023eafe2776) Importer(815301076,1909f56bfc062723c751e8b465ee728b)
Start importing Assets/Prefabs/CamTransition/Transition.prefab using Guid(6cff005cb02d23c47a9a5023eafe2776) Importer(815301076,1909f56bfc062723c751e8b465ee728b)  -> (artifact id: '046b327a34dda8acb7631fb3a7cf9bb2') in 0.094844 seconds
  Import took 0.122884 seconds .

========================================================================
Received Prepare
Registering precompiled user dll's ...
Registered in 0.002390 seconds.
Begin MonoManager ReloadAssembly
Native extension for WindowsStandalone target not found
Refreshing native plugins compatible for Editor in 0.44 ms, found 1 plugins.
Preloading 0 native plugins for Editor in 0.00 ms.
Mono: successfully reloaded assembly
- Completed reload, in  1.379 seconds
Platform modules already initialized, skipping
Refreshing native plugins compatible for Editor in 0.44 ms, found 1 plugins.
Preloading 0 native plugins for Editor in 0.00 ms.
Unloading 1811 Unused Serialized files (Serialized files now loaded: 0)
System memory in use before: 88.9 MB.
System memory in use after: 89.0 MB.

Unloading 9 unused Assets to reduce memory usage. Loaded Objects now: 2348.
Total: 8.417900 ms (FindLiveObjects: 0.273500 ms CreateObjectMapping: 0.176400 ms MarkObjects: 7.854900 ms  DeleteObjects: 0.111100 ms)

========================================================================
Received Import Request.
  Time since last request: 39.608290 seconds.
  path: Assets/Prefabs/CamTransition/Transition.prefab
  artifactKey: Guid(6cff005cb02d23c47a9a5023eafe2776) Importer(815301076,1909f56bfc062723c751e8b465ee728b)
Start importing Assets/Prefabs/CamTransition/Transition.prefab using Guid(6cff005cb02d23c47a9a5023eafe2776) Importer(815301076,1909f56bfc062723c751e8b465ee728b)  -> (artifact id: '6af9e6ede4a6c6e4b03c62ffe1f5e92f') in 0.086759 seconds
  Import took 0.091516 seconds .

========================================================================
Received Prepare
Registering precompiled user dll's ...
Registered in 0.001645 seconds.
Begin MonoManager ReloadAssembly
Native extension for WindowsStandalone target not found
Refreshing native plugins compatible for Editor in 0.44 ms, found 1 plugins.
Preloading 0 native plugins for Editor in 0.00 ms.
Mono: successfully reloaded assembly
- Completed reload, in  1.317 seconds
Platform modules already initialized, skipping
Refreshing native plugins compatible for Editor in 0.43 ms, found 1 plugins.
Preloading 0 native plugins for Editor in 0.00 ms.
Unloading 1811 Unused Serialized files (Serialized files now loaded: 0)
System memory in use before: 88.9 MB.
System memory in use after: 89.0 MB.

Unloading 9 unused Assets to reduce memory usage. Loaded Objects now: 2353.
Total: 2.636500 ms (FindLiveObjects: 0.238400 ms CreateObjectMapping: 0.122000 ms MarkObjects: 2.180600 ms  DeleteObjects: 0.093800 ms)

========================================================================
Received Import Request.
  Time since last request: 12.926808 seconds.
  path: Assets/Prefabs/CamTransition/Transition.prefab
  artifactKey: Guid(6cff005cb02d23c47a9a5023eafe2776) Importer(815301076,1909f56bfc062723c751e8b465ee728b)
Start importing Assets/Prefabs/CamTransition/Transition.prefab using Guid(6cff005cb02d23c47a9a5023eafe2776) Importer(815301076,1909f56bfc062723c751e8b465ee728b)  -> (artifact id: '9c00fc0d646d1097754babc5226ca037') in 0.085564 seconds
  Import took 0.108415 seconds .

========================================================================
Received Import Request.
  Time since last request: 14.400184 seconds.
  path: Assets/Prefabs/CamTransition/Transition.prefab
  artifactKey: Guid(6cff005cb02d23c47a9a5023eafe2776) Importer(815301076,1909f56bfc062723c751e8b465ee728b)
Start importing Assets/Prefabs/CamTransition/Transition.prefab using Guid(6cff005cb02d23c47a9a5023eafe2776) Importer(815301076,1909f56bfc062723c751e8b465ee728b)  -> (artifact id: '77c79077f18170566ba1bfcead97d7ea') in 0.018199 seconds
  Import took 0.045629 seconds .

========================================================================
Received Prepare
Registering precompiled user dll's ...
Registered in 0.001899 seconds.
Begin MonoManager ReloadAssembly
Native extension for WindowsStandalone target not found
Refreshing native plugins compatible for Editor in 0.81 ms, found 1 plugins.
Preloading 0 native plugins for Editor in 0.00 ms.
Mono: successfully reloaded assembly
- Completed reload, in  1.307 seconds
Platform modules already initialized, skipping
Refreshing native plugins compatible for Editor in 0.51 ms, found 1 plugins.
Preloading 0 native plugins for Editor in 0.00 ms.
Unloading 1811 Unused Serialized files (Serialized files now loaded: 0)
System memory in use before: 89.0 MB.
System memory in use after: 89.0 MB.

Unloading 9 unused Assets to reduce memory usage. Loaded Objects now: 2358.
Total: 2.428700 ms (FindLiveObjects: 0.229800 ms CreateObjectMapping: 0.092300 ms MarkObjects: 2.017700 ms  DeleteObjects: 0.087200 ms)

========================================================================
Received Import Request.
  Time since last request: 6.787048 seconds.
  path: Assets/Prefabs/CamTransition/Transition.prefab
  artifactKey: Guid(6cff005cb02d23c47a9a5023eafe2776) Importer(815301076,1909f56bfc062723c751e8b465ee728b)
Start importing Assets/Prefabs/CamTransition/Transition.prefab using Guid(6cff005cb02d23c47a9a5023eafe2776) Importer(815301076,1909f56bfc062723c751e8b465ee728b)  -> (artifact id: 'ebd55cb07ebcde139a3c5f9ad3bced59') in 0.084128 seconds
  Import took 0.102186 seconds .

========================================================================
Received Prepare
Registering precompiled user dll's ...
Registered in 0.001717 seconds.
Begin MonoManager ReloadAssembly
Native extension for WindowsStandalone target not found
Refreshing native plugins compatible for Editor in 0.43 ms, found 1 plugins.
Preloading 0 native plugins for Editor in 0.00 ms.
Mono: successfully reloaded assembly
- Completed reload, in  1.240 seconds
Platform modules already initialized, skipping
Refreshing native plugins compatible for Editor in 0.43 ms, found 1 plugins.
Preloading 0 native plugins for Editor in 0.00 ms.
Unloading 1811 Unused Serialized files (Serialized files now loaded: 0)
System memory in use before: 89.0 MB.
System memory in use after: 89.0 MB.

Unloading 9 unused Assets to reduce memory usage. Loaded Objects now: 2363.
Total: 2.284100 ms (FindLiveObjects: 0.220800 ms CreateObjectMapping: 0.084600 ms MarkObjects: 1.870700 ms  DeleteObjects: 0.106200 ms)

========================================================================
Received Prepare
Registering precompiled user dll's ...
Registered in 0.002129 seconds.
Begin MonoManager ReloadAssembly
Native extension for WindowsStandalone target not found
Refreshing native plugins compatible for Editor in 0.42 ms, found 1 plugins.
Preloading 0 native plugins for Editor in 0.00 ms.
Mono: successfully reloaded assembly
- Completed reload, in  1.192 seconds
Platform modules already initialized, skipping
Refreshing native plugins compatible for Editor in 0.43 ms, found 1 plugins.
Preloading 0 native plugins for Editor in 0.00 ms.
Unloading 1811 Unused Serialized files (Serialized files now loaded: 0)
System memory in use before: 89.0 MB.
System memory in use after: 89.0 MB.

Unloading 9 unused Assets to reduce memory usage. Loaded Objects now: 2367.
Total: 2.398600 ms (FindLiveObjects: 0.209000 ms CreateObjectMapping: 0.092900 ms MarkObjects: 1.996800 ms  DeleteObjects: 0.098500 ms)

========================================================================
Received Import Request.
  Time since last request: 346.416570 seconds.
  path: Assets/Sprites/Scenerie_Sprites/PlatformPallet/Copies/PlatformPallet.prefab
  artifactKey: Guid(272b920d40ba66649a4a825e61a003e1) Importer(815301076,1909f56bfc062723c751e8b465ee728b)
Start importing Assets/Sprites/Scenerie_Sprites/PlatformPallet/Copies/PlatformPallet.prefab using Guid(272b920d40ba66649a4a825e61a003e1) Importer(815301076,1909f56bfc062723c751e8b465ee728b)  -> (artifact id: 'e8b3bb39b43be9433f89c9874cf279ef') in 0.053136 seconds
  Import took 0.069244 seconds .

========================================================================
Received Prepare
Registering precompiled user dll's ...
Registered in 0.002269 seconds.
Begin MonoManager ReloadAssembly
Native extension for WindowsStandalone target not found
Refreshing native plugins compatible for Editor in 0.42 ms, found 1 plugins.
Preloading 0 native plugins for Editor in 0.00 ms.
Mono: successfully reloaded assembly
- Completed reload, in  1.197 seconds
Platform modules already initialized, skipping
Refreshing native plugins compatible for Editor in 0.42 ms, found 1 plugins.
Preloading 0 native plugins for Editor in 0.00 ms.
Unloading 1811 Unused Serialized files (Serialized files now loaded: 0)
System memory in use before: 89.0 MB.
System memory in use after: 89.0 MB.

Unloading 9 unused Assets to reduce memory usage. Loaded Objects now: 2371.
Total: 2.438700 ms (FindLiveObjects: 0.258500 ms CreateObjectMapping: 0.094500 ms MarkObjects: 1.977900 ms  DeleteObjects: 0.106000 ms)

========================================================================
Received Import Request.
  Time since last request: 9.477718 seconds.
  path: Assets/Sprites/Scenerie_Sprites/PlatformPallet/Copies/PlatformPallet.prefab
  artifactKey: Guid(272b920d40ba66649a4a825e61a003e1) Importer(815301076,1909f56bfc062723c751e8b465ee728b)
Start importing Assets/Sprites/Scenerie_Sprites/PlatformPallet/Copies/PlatformPallet.prefab using Guid(272b920d40ba66649a4a825e61a003e1) Importer(815301076,1909f56bfc062723c751e8b465ee728b)  -> (artifact id: '537299863cc997def707b79a188790ca') in 0.033145 seconds
  Import took 0.054057 seconds .

========================================================================
Received Prepare
Registering precompiled user dll's ...
Registered in 0.001907 seconds.
Begin MonoManager ReloadAssembly
Native extension for WindowsStandalone target not found
Refreshing native plugins compatible for Editor in 0.45 ms, found 1 plugins.
Preloading 0 native plugins for Editor in 0.00 ms.
Mono: successfully reloaded assembly
- Completed reload, in  1.148 seconds
Platform modules already initialized, skipping
Refreshing native plugins compatible for Editor in 0.43 ms, found 1 plugins.
Preloading 0 native plugins for Editor in 0.00 ms.
Unloading 1811 Unused Serialized files (Serialized files now loaded: 0)
System memory in use before: 89.0 MB.
System memory in use after: 89.1 MB.

Unloading 9 unused Assets to reduce memory usage. Loaded Objects now: 2375.
Total: 2.806300 ms (FindLiveObjects: 0.338300 ms CreateObjectMapping: 0.151500 ms MarkObjects: 2.211000 ms  DeleteObjects: 0.103700 ms)

========================================================================
Received Prepare
Registering precompiled user dll's ...
Registered in 0.002391 seconds.
Begin MonoManager ReloadAssembly
Native extension for WindowsStandalone target not found
Refreshing native plugins compatible for Editor in 0.59 ms, found 1 plugins.
Preloading 0 native plugins for Editor in 0.00 ms.
Mono: successfully reloaded assembly
- Completed reload, in  1.229 seconds
Platform modules already initialized, skipping
Refreshing native plugins compatible for Editor in 0.42 ms, found 1 plugins.
Preloading 0 native plugins for Editor in 0.00 ms.
Unloading 1811 Unused Serialized files (Serialized files now loaded: 0)
System memory in use before: 89.0 MB.
System memory in use after: 89.1 MB.

Unloading 9 unused Assets to reduce memory usage. Loaded Objects now: 2379.
Total: 2.408000 ms (FindLiveObjects: 0.226600 ms CreateObjectMapping: 0.074700 ms MarkObjects: 2.018300 ms  DeleteObjects: 0.086700 ms)

========================================================================
Received Prepare
Registering precompiled user dll's ...
Registered in 0.001908 seconds.
Begin MonoManager ReloadAssembly
Native extension for WindowsStandalone target not found
Refreshing native plugins compatible for Editor in 0.63 ms, found 1 plugins.
Preloading 0 native plugins for Editor in 0.00 ms.
Mono: successfully reloaded assembly
- Completed reload, in  1.834 seconds
Platform modules already initialized, skipping
Refreshing native plugins compatible for Editor in 0.47 ms, found 1 plugins.
Preloading 0 native plugins for Editor in 0.00 ms.
Unloading 1811 Unused Serialized files (Serialized files now loaded: 0)
System memory in use before: 89.0 MB.
System memory in use after: 89.1 MB.

Unloading 9 unused Assets to reduce memory usage. Loaded Objects now: 2383.
Total: 2.996300 ms (FindLiveObjects: 0.262500 ms CreateObjectMapping: 0.151700 ms MarkObjects: 2.317900 ms  DeleteObjects: 0.262400 ms)

========================================================================
Received Prepare
Registering precompiled user dll's ...
Registered in 0.001950 seconds.
Begin MonoManager ReloadAssembly
Native extension for WindowsStandalone target not found
Refreshing native plugins compatible for Editor in 0.59 ms, found 1 plugins.
Preloading 0 native plugins for Editor in 0.00 ms.
Mono: successfully reloaded assembly
- Completed reload, in  1.310 seconds
Platform modules already initialized, skipping
Refreshing native plugins compatible for Editor in 0.43 ms, found 1 plugins.
Preloading 0 native plugins for Editor in 0.00 ms.
Unloading 1812 Unused Serialized files (Serialized files now loaded: 0)
System memory in use before: 89.0 MB.
System memory in use after: 89.1 MB.

Unloading 10 unused Assets to reduce memory usage. Loaded Objects now: 2388.
Total: 3.236700 ms (FindLiveObjects: 0.371000 ms CreateObjectMapping: 0.106600 ms MarkObjects: 2.618100 ms  DeleteObjects: 0.137800 ms)

========================================================================
Received Prepare
Registering precompiled user dll's ...
Registered in 0.002214 seconds.
Begin MonoManager ReloadAssembly
Native extension for WindowsStandalone target not found
Refreshing native plugins compatible for Editor in 0.62 ms, found 1 plugins.
Preloading 0 native plugins for Editor in 0.00 ms.
Mono: successfully reloaded assembly
- Completed reload, in  1.263 seconds
Platform modules already initialized, skipping
Refreshing native plugins compatible for Editor in 0.42 ms, found 1 plugins.
Preloading 0 native plugins for Editor in 0.00 ms.
Unloading 1812 Unused Serialized files (Serialized files now loaded: 0)
System memory in use before: 89.1 MB.
System memory in use after: 89.1 MB.

Unloading 9 unused Assets to reduce memory usage. Loaded Objects now: 2392.
Total: 2.474700 ms (FindLiveObjects: 0.252200 ms CreateObjectMapping: 0.123900 ms MarkObjects: 1.986600 ms  DeleteObjects: 0.110500 ms)

========================================================================
Received Import Request.
  Time since last request: 409.569198 seconds.
  path: Assets/Animation/Player/Player_Idle_Left.anim
  artifactKey: Guid(dc6ecd51d6f56084c9965c3e4c22b8f4) Importer(815301076,1909f56bfc062723c751e8b465ee728b)
Start importing Assets/Animation/Player/Player_Idle_Left.anim using Guid(dc6ecd51d6f56084c9965c3e4c22b8f4) Importer(815301076,1909f56bfc062723c751e8b465ee728b)  -> (artifact id: '3c9e59ddafd31c3724e17ff13053d2e2') in 0.095656 seconds
  Import took 0.145491 seconds .

========================================================================
Received Import Request.
  Time since last request: 0.267970 seconds.
  path: Assets/Animation/Player/Player_Idle_Left.anim
  artifactKey: Guid(dc6ecd51d6f56084c9965c3e4c22b8f4) Importer(815301076,1909f56bfc062723c751e8b465ee728b)
Start importing Assets/Animation/Player/Player_Idle_Left.anim using Guid(dc6ecd51d6f56084c9965c3e4c22b8f4) Importer(815301076,1909f56bfc062723c751e8b465ee728b)  -> (artifact id: '3c9e59ddafd31c3724e17ff13053d2e2') in 0.017897 seconds
  Import took 0.025977 seconds .

========================================================================
Received Import Request.
  Time since last request: 0.036832 seconds.
  path: Assets/Animation/Player/Player_Idle_Right.anim
  artifactKey: Guid(8ce5c393d627a924a93d65f3f9325ba9) Importer(815301076,1909f56bfc062723c751e8b465ee728b)
Start importing Assets/Animation/Player/Player_Idle_Right.anim using Guid(8ce5c393d627a924a93d65f3f9325ba9) Importer(815301076,1909f56bfc062723c751e8b465ee728b)  -> (artifact id: '67d834b28ada5f05be7144e6b57c0923') in 0.034109 seconds
  Import took 0.043194 seconds .

========================================================================
Received Prepare
Registering precompiled user dll's ...
Registered in 0.002397 seconds.
Begin MonoManager ReloadAssembly
Native extension for WindowsStandalone target not found
Refreshing native plugins compatible for Editor in 0.58 ms, found 1 plugins.
Preloading 0 native plugins for Editor in 0.00 ms.
Mono: successfully reloaded assembly
- Completed reload, in  1.928 seconds
Platform modules already initialized, skipping
Refreshing native plugins compatible for Editor in 0.45 ms, found 1 plugins.
Preloading 0 native plugins for Editor in 0.00 ms.
Unloading 1812 Unused Serialized files (Serialized files now loaded: 0)
System memory in use before: 89.1 MB.
System memory in use after: 89.1 MB.

Unloading 9 unused Assets to reduce memory usage. Loaded Objects now: 2396.
Total: 11.638500 ms (FindLiveObjects: 0.293900 ms CreateObjectMapping: 1.234900 ms MarkObjects: 9.967700 ms  DeleteObjects: 0.139800 ms)

