Using pre-set license
Built from '2020.3/staging' branch; Version is '2020.3.5f1 (8095aa901b9b) revision 8426922'; Using compiler version '192528614'; Build Type 'Release'
OS: 'Windows 10 Pro; OS build 19042.1165; Version 2009; 64bit' Language: 'pt' Physical Memory: 6090 MB
BatchMode: 1, IsHumanControllingUs: 0, StartBugReporterOnCrash: 0, Is64bit: 1, IsPro: 0

 COMMAND LINE ARGUMENTS:
C:\Program Files\Unity\Hub\Editor\2020.3.5f1\Editor\Unity.exe
-adb2
-batchMode
-noUpm
-name
AssetImportWorker2
-projectPath
C:/Users/henri/OneDrive/Documentos/Projetos/Polis/reposi2021/Polis-Project
-logFile
Logs/AssetImportWorker2.log
-srvPort
63061
Successfully changed project path to: C:/Users/henri/OneDrive/Documentos/Projetos/Polis/reposi2021/Polis-Project
C:/Users/henri/OneDrive/Documentos/Projetos/Polis/reposi2021/Polis-Project
Using Asset Import Pipeline V2.
Refreshing native plugins compatible for Editor in 61.20 ms, found 1 plugins.
Preloading 0 native plugins for Editor in 0.00 ms.
Initialize engine version: 2020.3.5f1 (8095aa901b9b)
[Subsystems] Discovering subsystems at path C:/Program Files/Unity/Hub/Editor/2020.3.5f1/Editor/Data/Resources/UnitySubsystems
[Subsystems] Discovering subsystems at path C:/Users/henri/OneDrive/Documentos/Projetos/Polis/reposi2021/Polis-Project/Assets
GfxDevice: creating device client; threaded=0
Direct3D:
    Version:  Direct3D 11.0 [level 11.0]
    Renderer: NVIDIA GeForce GT 610 (ID=0x104a)
    Vendor:   
    VRAM:     1989 MB
    Driver:   23.21.13.9135
Initialize mono
Mono path[0] = 'C:/Program Files/Unity/Hub/Editor/2020.3.5f1/Editor/Data/Managed'
Mono path[1] = 'C:/Program Files/Unity/Hub/Editor/2020.3.5f1/Editor/Data/MonoBleedingEdge/lib/mono/unityjit'
Mono config path = 'C:/Program Files/Unity/Hub/Editor/2020.3.5f1/Editor/Data/MonoBleedingEdge/etc'
Using monoOptions --debugger-agent=transport=dt_socket,embedding=1,server=y,suspend=n,address=127.0.0.1:56040
Begin MonoManager ReloadAssembly
Registering precompiled unity dll's ...
Register platform support module: C:/Program Files/Unity/Hub/Editor/2020.3.5f1/Editor/Data/PlaybackEngines/WindowsStandaloneSupport/UnityEditor.WindowsStandalone.Extensions.dll
Registered in 0.004949 seconds.
Native extension for WindowsStandalone target not found
Refreshing native plugins compatible for Editor in 64.75 ms, found 1 plugins.
Preloading 0 native plugins for Editor in 0.00 ms.
Mono: successfully reloaded assembly
- Completed reload, in  4.083 seconds
Platform modules already initialized, skipping
Registering precompiled user dll's ...
Registered in 0.001690 seconds.
Begin MonoManager ReloadAssembly
Native extension for WindowsStandalone target not found
Refreshing native plugins compatible for Editor in 57.52 ms, found 1 plugins.
Preloading 0 native plugins for Editor in 0.00 ms.
Mono: successfully reloaded assembly
- Completed reload, in  5.111 seconds
Platform modules already initialized, skipping
========================================================================
Worker process is ready to serve import requests
Launched and connected shader compiler UnityShaderCompiler.exe after 0.31 seconds
Refreshing native plugins compatible for Editor in 0.53 ms, found 1 plugins.
Preloading 0 native plugins for Editor in 0.00 ms.
Unloading 1826 Unused Serialized files (Serialized files now loaded: 0)
System memory in use before: 85.8 MB.
System memory in use after: 85.9 MB.

Unloading 19 unused Assets to reduce memory usage. Loaded Objects now: 2274.
Total: 2.819800 ms (FindLiveObjects: 0.298100 ms CreateObjectMapping: 0.158000 ms MarkObjects: 2.282400 ms  DeleteObjects: 0.079200 ms)

========================================================================
Received Import Request.
  path: Assets/Sprites/Ice_Scene_Sprites/PlatformPallet/Copies/chão fragil-Sheet_3.asset
  artifactKey: Guid(434ba3997699abd44a1cc48d738718c4) Importer(815301076,1909f56bfc062723c751e8b465ee728b)
Start importing Assets/Sprites/Ice_Scene_Sprites/PlatformPallet/Copies/chão fragil-Sheet_3.asset using Guid(434ba3997699abd44a1cc48d738718c4) Importer(815301076,1909f56bfc062723c751e8b465ee728b)  -> (artifact id: 'be01919f874532998271ca3affa4ad7e') in 0.334554 seconds
  Import took 0.378575 seconds .

========================================================================
Received Import Request.
  Time since last request: 0.000419 seconds.
  path: Assets/Sprites/Ice_Scene_Sprites/PlatformPallet/chão fragil-Sheet.png
  artifactKey: Guid(115c1fc67c31fbb4d97b30db725e65f2) Importer(815301076,1909f56bfc062723c751e8b465ee728b)
Start importing Assets/Sprites/Ice_Scene_Sprites/PlatformPallet/chão fragil-Sheet.png using Guid(115c1fc67c31fbb4d97b30db725e65f2) Importer(815301076,1909f56bfc062723c751e8b465ee728b)  -> (artifact id: '5983e8c0e1d62759711fc529c996b7cd') in 0.349006 seconds
  Import took 0.561888 seconds .

========================================================================
Received Import Request.
  Time since last request: 0.000398 seconds.
  path: Assets/Sprites/Ice_Scene_Sprites/PlatformPallet/Copies/chão fragil-Sheet_12.asset
  artifactKey: Guid(416e5d871e4166e42ad19f29166be5a8) Importer(815301076,1909f56bfc062723c751e8b465ee728b)
Start importing Assets/Sprites/Ice_Scene_Sprites/PlatformPallet/Copies/chão fragil-Sheet_12.asset using Guid(416e5d871e4166e42ad19f29166be5a8) Importer(815301076,1909f56bfc062723c751e8b465ee728b)  -> (artifact id: '31ba1eb413ba56df8228a45518d31a57') in 0.024665 seconds
  Import took 0.047154 seconds .

========================================================================
Received Import Request.
  Time since last request: 0.000307 seconds.
  path: Assets/Sprites/Ice_Scene_Sprites/PlatformPallet/Copies/chão fragil-Sheet_20.asset
  artifactKey: Guid(da833b317b5d9db42ab938f11f11f2c1) Importer(815301076,1909f56bfc062723c751e8b465ee728b)
Start importing Assets/Sprites/Ice_Scene_Sprites/PlatformPallet/Copies/chão fragil-Sheet_20.asset using Guid(da833b317b5d9db42ab938f11f11f2c1) Importer(815301076,1909f56bfc062723c751e8b465ee728b)  -> (artifact id: 'f8aa34bf0f99c37e978f71fe2dc98515') in 0.016395 seconds
  Import took 0.037943 seconds .

========================================================================
Received Import Request.
  Time since last request: 0.000504 seconds.
  path: Assets/Sprites/Ice_Scene_Sprites/PlatformPallet/Copies/chão fragil-Sheet_21.asset
  artifactKey: Guid(a8da09c223ff8c34e9e039d84dd21f0f) Importer(815301076,1909f56bfc062723c751e8b465ee728b)
Start importing Assets/Sprites/Ice_Scene_Sprites/PlatformPallet/Copies/chão fragil-Sheet_21.asset using Guid(a8da09c223ff8c34e9e039d84dd21f0f) Importer(815301076,1909f56bfc062723c751e8b465ee728b)  -> (artifact id: '689b2fee0b5abc4781078aa01d1ce28b') in 0.016389 seconds
  Import took 0.060182 seconds .

========================================================================
Received Import Request.
  Time since last request: 0.000336 seconds.
  path: Assets/Sprites/Ice_Scene_Sprites/PlatformPallet/Copies/chão fragil-Sheet_15.asset
  artifactKey: Guid(9d6c6241e764be64bb20801918d94397) Importer(815301076,1909f56bfc062723c751e8b465ee728b)
Start importing Assets/Sprites/Ice_Scene_Sprites/PlatformPallet/Copies/chão fragil-Sheet_15.asset using Guid(9d6c6241e764be64bb20801918d94397) Importer(815301076,1909f56bfc062723c751e8b465ee728b)  -> (artifact id: '073540251fb6e4df41f799d0240324a9') in 0.051319 seconds
  Import took 0.080960 seconds .

========================================================================
Received Import Request.
  Time since last request: 0.000288 seconds.
  path: Assets/Sprites/Scenerie_Sprites
  artifactKey: Guid(532cbc90d6b675b4b8d54ca28763cac8) Importer(815301076,1909f56bfc062723c751e8b465ee728b)
Start importing Assets/Sprites/Scenerie_Sprites using Guid(532cbc90d6b675b4b8d54ca28763cac8) Importer(815301076,1909f56bfc062723c751e8b465ee728b)  -> (artifact id: 'e86f3389e44dd0b013a4b2cf43ce49d6') in 0.010087 seconds
  Import took 0.014365 seconds .

========================================================================
Received Import Request.
  Time since last request: 0.000265 seconds.
  path: Assets/Sprites/Ice_Scene_Sprites/PlatformPallet/Copies/chão fragil-Sheet_9.asset
  artifactKey: Guid(53c552be61fe1eb4fae28cc4ed9d0148) Importer(815301076,1909f56bfc062723c751e8b465ee728b)
Start importing Assets/Sprites/Ice_Scene_Sprites/PlatformPallet/Copies/chão fragil-Sheet_9.asset using Guid(53c552be61fe1eb4fae28cc4ed9d0148) Importer(815301076,1909f56bfc062723c751e8b465ee728b)  -> (artifact id: '1eb5800981394b28e5047175c5a6deda') in 0.019672 seconds
  Import took 0.032771 seconds .

========================================================================
Received Import Request.
  Time since last request: 0.000283 seconds.
  path: Assets/Sprites/Player_Sprites/Player_Running_Left.png
  artifactKey: Guid(3880f561efb68f44f9f086fe1fbce8fd) Importer(815301076,1909f56bfc062723c751e8b465ee728b)
Start importing Assets/Sprites/Player_Sprites/Player_Running_Left.png using Guid(3880f561efb68f44f9f086fe1fbce8fd) Importer(815301076,1909f56bfc062723c751e8b465ee728b)  -> (artifact id: '69aec0167353717784f9896ddab2684b') in 0.054717 seconds
  Import took 0.075818 seconds .

========================================================================
Received Import Request.
  Time since last request: 0.000337 seconds.
  path: Assets/Sprites/Ice_Scene_Sprites/PlatformPallet/Copies/chão fragil-Sheet_0.asset
  artifactKey: Guid(6879a92cb6d05414796a096abbb5fc8f) Importer(815301076,1909f56bfc062723c751e8b465ee728b)
Start importing Assets/Sprites/Ice_Scene_Sprites/PlatformPallet/Copies/chão fragil-Sheet_0.asset using Guid(6879a92cb6d05414796a096abbb5fc8f) Importer(815301076,1909f56bfc062723c751e8b465ee728b)  -> (artifact id: '9c80eb1c0f49b6ebf990f4c67631e2fc') in 0.049469 seconds
  Import took 0.055293 seconds .

========================================================================
Received Import Request.
  Time since last request: 0.000348 seconds.
  path: Assets/Sprites/Player_Sprites
  artifactKey: Guid(1eab62a1abc671e4bb2d392698f1f552) Importer(815301076,1909f56bfc062723c751e8b465ee728b)
Start importing Assets/Sprites/Player_Sprites using Guid(1eab62a1abc671e4bb2d392698f1f552) Importer(815301076,1909f56bfc062723c751e8b465ee728b)  -> (artifact id: '92ba783d83d60c6fee5542d2cc4c45aa') in 0.006401 seconds
  Import took 0.010466 seconds .

========================================================================
Received Import Request.
  Time since last request: 0.000336 seconds.
  path: Assets/Sprites/Ice_Scene_Sprites/PlatformPallet/Copies/chão fragil-Sheet_4.asset
  artifactKey: Guid(4cabb1b339ec33c4989c71ed1d82bf83) Importer(815301076,1909f56bfc062723c751e8b465ee728b)
Start importing Assets/Sprites/Ice_Scene_Sprites/PlatformPallet/Copies/chão fragil-Sheet_4.asset using Guid(4cabb1b339ec33c4989c71ed1d82bf83) Importer(815301076,1909f56bfc062723c751e8b465ee728b)  -> (artifact id: '777d6ed3510c2f64615be7c88ebc63b7') in 0.033674 seconds
  Import took 0.041872 seconds .

========================================================================
Received Import Request.
  Time since last request: 0.000306 seconds.
  path: Assets/Sprites/Ice_Scene_Sprites/PlatformPallet/Copies/chão fragil-Sheet_14.asset
  artifactKey: Guid(78f882daffcb2284daaa40eec9fbd072) Importer(815301076,1909f56bfc062723c751e8b465ee728b)
Start importing Assets/Sprites/Ice_Scene_Sprites/PlatformPallet/Copies/chão fragil-Sheet_14.asset using Guid(78f882daffcb2284daaa40eec9fbd072) Importer(815301076,1909f56bfc062723c751e8b465ee728b)  -> (artifact id: 'b8535ad6d1ca5094c1e66e0f72280b43') in 0.018146 seconds
  Import took 0.023018 seconds .

========================================================================
Received Import Request.
  Time since last request: 0.000343 seconds.
  path: Assets/Sprites/Ice_Scene_Sprites/GrounPalett/GroundSprite.png
  artifactKey: Guid(b4834bcefdaced046a1ce55197b95e18) Importer(815301076,1909f56bfc062723c751e8b465ee728b)
Start importing Assets/Sprites/Ice_Scene_Sprites/GrounPalett/GroundSprite.png using Guid(b4834bcefdaced046a1ce55197b95e18) Importer(815301076,1909f56bfc062723c751e8b465ee728b)  -> (artifact id: '123b22ba44a87c3ff5be35230ad930cd') in 0.053450 seconds
  Import took 0.066433 seconds .

========================================================================
Received Import Request.
  Time since last request: 0.000302 seconds.
  path: Assets/Sprites/Ice_Scene_Sprites/PlatformPallet/Copies/chão fragil-Sheet_22.asset
  artifactKey: Guid(20702c851ae655640a4d33420ea59341) Importer(815301076,1909f56bfc062723c751e8b465ee728b)
Start importing Assets/Sprites/Ice_Scene_Sprites/PlatformPallet/Copies/chão fragil-Sheet_22.asset using Guid(20702c851ae655640a4d33420ea59341) Importer(815301076,1909f56bfc062723c751e8b465ee728b)  -> (artifact id: '6bdd7f799e56217b6a91d1735f15cc38') in 0.019908 seconds
  Import took 0.045917 seconds .

========================================================================
Received Import Request.
  Time since last request: 0.000255 seconds.
  path: Assets/Sprites/Ice_Scene_Sprites/PlatformPallet
  artifactKey: Guid(63ffdcfa84b3cf0479ce53f3b0771050) Importer(815301076,1909f56bfc062723c751e8b465ee728b)
Start importing Assets/Sprites/Ice_Scene_Sprites/PlatformPallet using Guid(63ffdcfa84b3cf0479ce53f3b0771050) Importer(815301076,1909f56bfc062723c751e8b465ee728b)  -> (artifact id: 'e6164f96d817b79a5d6605813e489cb5') in 0.013876 seconds
  Import took 0.025730 seconds .

========================================================================
Received Import Request.
  Time since last request: 0.000479 seconds.
  path: Assets/Sprites/Ice_Scene_Sprites/PlatformPallet/Copies/chão fragil-Sheet_11.asset
  artifactKey: Guid(40716b787a4b9704d82204726ab8caca) Importer(815301076,1909f56bfc062723c751e8b465ee728b)
Start importing Assets/Sprites/Ice_Scene_Sprites/PlatformPallet/Copies/chão fragil-Sheet_11.asset using Guid(40716b787a4b9704d82204726ab8caca) Importer(815301076,1909f56bfc062723c751e8b465ee728b)  -> (artifact id: 'e776c25b5f685d4d4d574c51dcba6ad5') in 0.049494 seconds
  Import took 0.071402 seconds .

========================================================================
Received Import Request.
  Time since last request: 0.000308 seconds.
  path: Assets/Sprites/Ice_Scene_Sprites/PlatformPallet/Copies/PlatformPallet.prefab
  artifactKey: Guid(272b920d40ba66649a4a825e61a003e1) Importer(815301076,1909f56bfc062723c751e8b465ee728b)
Start importing Assets/Sprites/Ice_Scene_Sprites/PlatformPallet/Copies/PlatformPallet.prefab using Guid(272b920d40ba66649a4a825e61a003e1) Importer(815301076,1909f56bfc062723c751e8b465ee728b)  -> (artifact id: '537299863cc997def707b79a188790ca') in 0.019222 seconds
  Import took 0.023561 seconds .

========================================================================
Received Import Request.
  Time since last request: 0.002294 seconds.
  path: Assets/Sprites/Ice_Scene_Sprites/PlatformPallet/Copies/chão fragil-Sheet_1.asset
  artifactKey: Guid(61080661d1cd4724abbf1b8ca16e6dc9) Importer(815301076,1909f56bfc062723c751e8b465ee728b)
Start importing Assets/Sprites/Ice_Scene_Sprites/PlatformPallet/Copies/chão fragil-Sheet_1.asset using Guid(61080661d1cd4724abbf1b8ca16e6dc9) Importer(815301076,1909f56bfc062723c751e8b465ee728b)  -> (artifact id: 'fcea0f7e057b6e1302f3c96c2e37a022') in 0.042885 seconds
  Import took 0.048291 seconds .

========================================================================
Received Import Request.
  Time since last request: 0.000315 seconds.
  path: Assets/Sprites/Ice_Scene_Sprites/GrounPalett/GroundPalette.prefab
  artifactKey: Guid(46515f5422e657e498ca456ec75e4fca) Importer(815301076,1909f56bfc062723c751e8b465ee728b)
Start importing Assets/Sprites/Ice_Scene_Sprites/GrounPalett/GroundPalette.prefab using Guid(46515f5422e657e498ca456ec75e4fca) Importer(815301076,1909f56bfc062723c751e8b465ee728b)  -> (artifact id: 'cfc5d63d6459d3e3f4ab1c47528180e0') in 0.028190 seconds
  Import took 0.051990 seconds .

========================================================================
Received Import Request.
  Time since last request: 0.000289 seconds.
  path: Assets/Sprites/Ice_Scene_Sprites/PlatformPallet/Copies/chão fragil-Sheet_16.asset
  artifactKey: Guid(735e20338accb4948938faf6eb829a6c) Importer(815301076,1909f56bfc062723c751e8b465ee728b)
Start importing Assets/Sprites/Ice_Scene_Sprites/PlatformPallet/Copies/chão fragil-Sheet_16.asset using Guid(735e20338accb4948938faf6eb829a6c) Importer(815301076,1909f56bfc062723c751e8b465ee728b)  -> (artifact id: '6f7ce3712258b70a8de6e06757de796a') in 0.022170 seconds
  Import took 0.032414 seconds .

========================================================================
Received Import Request.
  Time since last request: 0.000303 seconds.
  path: Assets/Sprites/Scenerie_Sprites/cenario_cloneporra-1.png.png
  artifactKey: Guid(db08b04fe94154345a2141ee88363f13) Importer(815301076,1909f56bfc062723c751e8b465ee728b)
Start importing Assets/Sprites/Scenerie_Sprites/cenario_cloneporra-1.png.png using Guid(db08b04fe94154345a2141ee88363f13) Importer(815301076,1909f56bfc062723c751e8b465ee728b)  -> (artifact id: 'eece5a8369f79adc5aa41b744fbbec80') in 0.058613 seconds
  Import took 0.071614 seconds .

========================================================================
Received Import Request.
  Time since last request: 0.000324 seconds.
  path: Assets/Sprites/Ice_Scene_Sprites/PlatformPallet/Copies/chão fragil-Sheet - Copia.png
  artifactKey: Guid(45cbe002035284c438a5ac070b7fcc68) Importer(815301076,1909f56bfc062723c751e8b465ee728b)
Start importing Assets/Sprites/Ice_Scene_Sprites/PlatformPallet/Copies/chão fragil-Sheet - Copia.png using Guid(45cbe002035284c438a5ac070b7fcc68) Importer(815301076,1909f56bfc062723c751e8b465ee728b)  -> (artifact id: '2b654c94f232755f6d21cf2b270fb3fc') in 0.096278 seconds
  Import took 0.111181 seconds .

========================================================================
Received Import Request.
  Time since last request: 0.000302 seconds.
  path: Assets/Sprites/Ice_Scene_Sprites/PlatformPallet/Copies/chão fragil-Sheet_10.asset
  artifactKey: Guid(f262101be7d451b47b6d40f5159d283d) Importer(815301076,1909f56bfc062723c751e8b465ee728b)
Start importing Assets/Sprites/Ice_Scene_Sprites/PlatformPallet/Copies/chão fragil-Sheet_10.asset using Guid(f262101be7d451b47b6d40f5159d283d) Importer(815301076,1909f56bfc062723c751e8b465ee728b)  -> (artifact id: '8c642668270cf0b31b1550e923585197') in 0.019039 seconds
  Import took 0.023404 seconds .

========================================================================
Received Import Request.
  Time since last request: 0.000303 seconds.
  path: Assets/Sprites/Ice_Scene_Sprites/PlatformPallet/Copies/chão fragil-Sheet_17.asset
  artifactKey: Guid(43b6656431acb8043806a4664cc56ef1) Importer(815301076,1909f56bfc062723c751e8b465ee728b)
Start importing Assets/Sprites/Ice_Scene_Sprites/PlatformPallet/Copies/chão fragil-Sheet_17.asset using Guid(43b6656431acb8043806a4664cc56ef1) Importer(815301076,1909f56bfc062723c751e8b465ee728b)  -> (artifact id: 'f359c02410595b934d3e19e0b334129f') in 0.018693 seconds
  Import took 0.062040 seconds .

========================================================================
Received Import Request.
  Time since last request: 0.000285 seconds.
  path: Assets/Sprites/Ice_Scene_Sprites/PlatformPallet/Copies
  artifactKey: Guid(5134ccb7d44519c4689acd3a46e61aec) Importer(815301076,1909f56bfc062723c751e8b465ee728b)
Start importing Assets/Sprites/Ice_Scene_Sprites/PlatformPallet/Copies using Guid(5134ccb7d44519c4689acd3a46e61aec) Importer(815301076,1909f56bfc062723c751e8b465ee728b)  -> (artifact id: '070ae65405c1dfa8e492dea18ce1f1fe') in 0.018615 seconds
  Import took 0.022308 seconds .

========================================================================
Received Import Request.
  Time since last request: 0.000275 seconds.
  path: Assets/Sprites/Ice_Scene_Sprites/PlatformPallet/Copies/chão fragil-Sheet_13.asset
  artifactKey: Guid(e78b3d6acc83230428d1ed10b2ae090f) Importer(815301076,1909f56bfc062723c751e8b465ee728b)
Start importing Assets/Sprites/Ice_Scene_Sprites/PlatformPallet/Copies/chão fragil-Sheet_13.asset using Guid(e78b3d6acc83230428d1ed10b2ae090f) Importer(815301076,1909f56bfc062723c751e8b465ee728b)  -> (artifact id: '39318a80ae0ce110c453ecb3220126de') in 0.017092 seconds
  Import took 0.030961 seconds .

========================================================================
Received Import Request.
  Time since last request: 0.000285 seconds.
  path: Assets/Sprites/Ice_Scene_Sprites/PlatformPallet/Copies/chão fragil-Sheet_18.asset
  artifactKey: Guid(e6863ce6c5fd09c42b73e4acf7b9b3b4) Importer(815301076,1909f56bfc062723c751e8b465ee728b)
Start importing Assets/Sprites/Ice_Scene_Sprites/PlatformPallet/Copies/chão fragil-Sheet_18.asset using Guid(e6863ce6c5fd09c42b73e4acf7b9b3b4) Importer(815301076,1909f56bfc062723c751e8b465ee728b)  -> (artifact id: '219815c87e44abfe64aa2bd37cc8fae1') in 0.025583 seconds
  Import took 0.029831 seconds .

========================================================================
Received Import Request.
  Time since last request: 0.000417 seconds.
  path: Assets/Sprites/Scenerie_Sprites/365442df201b1089bf9754162fd35c0d.gif
  artifactKey: Guid(2a998de01abf65c4e9d181a783d0ec25) Importer(815301076,1909f56bfc062723c751e8b465ee728b)
Start importing Assets/Sprites/Scenerie_Sprites/365442df201b1089bf9754162fd35c0d.gif using Guid(2a998de01abf65c4e9d181a783d0ec25) Importer(815301076,1909f56bfc062723c751e8b465ee728b)  -> (artifact id: 'a2cbff9c0544fe43da8372848cb9b252') in 0.069882 seconds
  Import took 0.095262 seconds .

========================================================================
Received Import Request.
  Time since last request: 0.000366 seconds.
  path: Assets/Sprites/Ice_Scene_Sprites/PlatformPallet/Copies/chão fragil-Sheet_8.asset
  artifactKey: Guid(7fcbc9c6c667a7e44b2cc330e6f8fcb6) Importer(815301076,1909f56bfc062723c751e8b465ee728b)
Start importing Assets/Sprites/Ice_Scene_Sprites/PlatformPallet/Copies/chão fragil-Sheet_8.asset using Guid(7fcbc9c6c667a7e44b2cc330e6f8fcb6) Importer(815301076,1909f56bfc062723c751e8b465ee728b)  -> (artifact id: 'a5ad5634bebb41e746bceea56206ac9a') in 0.016571 seconds
  Import took 0.048143 seconds .

========================================================================
Received Import Request.
  Time since last request: 0.000409 seconds.
  path: Assets/Sprites/Player_Sprites/Player_Running_Right.png
  artifactKey: Guid(4bea9194931ad944c96624484d7856b3) Importer(815301076,1909f56bfc062723c751e8b465ee728b)
Start importing Assets/Sprites/Player_Sprites/Player_Running_Right.png using Guid(4bea9194931ad944c96624484d7856b3) Importer(815301076,1909f56bfc062723c751e8b465ee728b)  -> (artifact id: '7de576286d82be9157a72939ae4bede1') in 0.068172 seconds
  Import took 0.084621 seconds .

========================================================================
Received Import Request.
  Time since last request: 0.000339 seconds.
  path: Assets/Sprites/Ice_Scene_Sprites/PlatformPallet/Copies/chão fragil-Sheet_19.asset
  artifactKey: Guid(a60fb0275dbe39d438fce563b784a2f2) Importer(815301076,1909f56bfc062723c751e8b465ee728b)
Start importing Assets/Sprites/Ice_Scene_Sprites/PlatformPallet/Copies/chão fragil-Sheet_19.asset using Guid(a60fb0275dbe39d438fce563b784a2f2) Importer(815301076,1909f56bfc062723c751e8b465ee728b)  -> (artifact id: '091397a9d045a180b3ac2b2653c44d2b') in 0.017434 seconds
  Import took 0.041444 seconds .

========================================================================
Received Import Request.
  Time since last request: 0.000293 seconds.
  path: Assets/Sprites/Ice_Scene_Sprites/PlatformPallet/Copies/chão fragil-Sheet_5.asset
  artifactKey: Guid(63e812875ad337d41aab66d580c2968e) Importer(815301076,1909f56bfc062723c751e8b465ee728b)
Start importing Assets/Sprites/Ice_Scene_Sprites/PlatformPallet/Copies/chão fragil-Sheet_5.asset using Guid(63e812875ad337d41aab66d580c2968e) Importer(815301076,1909f56bfc062723c751e8b465ee728b)  -> (artifact id: '88f1476e262c7b22ccd38bf9682afb49') in 0.075910 seconds
  Import took 0.097042 seconds .

========================================================================
Received Import Request.
  Time since last request: 0.000308 seconds.
  path: Assets/Sprites/Ice_Scene_Sprites/PlatformPallet/Copies/chão fragil-Sheet_23.asset
  artifactKey: Guid(8eca3bc85ff26e0458292825d55b6c60) Importer(815301076,1909f56bfc062723c751e8b465ee728b)
Start importing Assets/Sprites/Ice_Scene_Sprites/PlatformPallet/Copies/chão fragil-Sheet_23.asset using Guid(8eca3bc85ff26e0458292825d55b6c60) Importer(815301076,1909f56bfc062723c751e8b465ee728b)  -> (artifact id: 'a9d21b74ac4b82d10df92b1a2927a664') in 0.018163 seconds
  Import took 0.026735 seconds .

========================================================================
Received Import Request.
  Time since last request: 0.000289 seconds.
  path: Assets/Sprites/Ice_Scene_Sprites/PlatformPallet/Copies/chão fragil-Sheet_7.asset
  artifactKey: Guid(e4b2d5a79d1505d4fa34e68d2cb09148) Importer(815301076,1909f56bfc062723c751e8b465ee728b)
Start importing Assets/Sprites/Ice_Scene_Sprites/PlatformPallet/Copies/chão fragil-Sheet_7.asset using Guid(e4b2d5a79d1505d4fa34e68d2cb09148) Importer(815301076,1909f56bfc062723c751e8b465ee728b)  -> (artifact id: '8ece29ce158d2003af90acee58a1da09') in 0.022642 seconds
  Import took 0.039132 seconds .

========================================================================
Received Import Request.
  Time since last request: 0.000310 seconds.
  path: Assets/Sprites/Ice_Scene_Sprites/GrounPalett
  artifactKey: Guid(0d94b4a37e94fdd4b96669e609146f49) Importer(815301076,1909f56bfc062723c751e8b465ee728b)
Start importing Assets/Sprites/Ice_Scene_Sprites/GrounPalett using Guid(0d94b4a37e94fdd4b96669e609146f49) Importer(815301076,1909f56bfc062723c751e8b465ee728b)  -> (artifact id: '131c86bcf406b38acd49c4d2f9821685') in 0.015655 seconds
  Import took 0.020587 seconds .

========================================================================
Received Import Request.
  Time since last request: 0.000314 seconds.
  path: Assets/Sprites/Ice_Scene_Sprites/PlatformPallet/Copies/chão fragil-Sheet_2.asset
  artifactKey: Guid(6e1b7fcaf109ebb4b886631f7c5a0789) Importer(815301076,1909f56bfc062723c751e8b465ee728b)
Start importing Assets/Sprites/Ice_Scene_Sprites/PlatformPallet/Copies/chão fragil-Sheet_2.asset using Guid(6e1b7fcaf109ebb4b886631f7c5a0789) Importer(815301076,1909f56bfc062723c751e8b465ee728b)  -> (artifact id: '3aef0cc292b525ab50bb1e4affe9e766') in 0.032711 seconds
  Import took 0.058855 seconds .

========================================================================
Received Import Request.
  Time since last request: 0.000313 seconds.
  path: Assets/Sprites/Ice_Scene_Sprites/PlatformPallet/Copies/chão fragil-Sheet_6.asset
  artifactKey: Guid(b6de6b91afcf5f64f9994bf2d492dbaf) Importer(815301076,1909f56bfc062723c751e8b465ee728b)
Start importing Assets/Sprites/Ice_Scene_Sprites/PlatformPallet/Copies/chão fragil-Sheet_6.asset using Guid(b6de6b91afcf5f64f9994bf2d492dbaf) Importer(815301076,1909f56bfc062723c751e8b465ee728b)  -> (artifact id: '48f8a97ea8e71681b3193743432fc6a6') in 0.017577 seconds
  Import took 0.025549 seconds .

========================================================================
Received Import Request.
  Time since last request: 1954.594909 seconds.
  path: Assets/Scenes/Ice_Scene.unity
  artifactKey: Guid(65064696cade87a4d83feded66bc6056) Importer(815301076,1909f56bfc062723c751e8b465ee728b)
Start importing Assets/Scenes/Ice_Scene.unity using Guid(65064696cade87a4d83feded66bc6056) Importer(815301076,1909f56bfc062723c751e8b465ee728b)  -> (artifact id: 'f10ac9cdf496f43df33a1e90c82a762e') in 0.024028 seconds
  Import took 0.127656 seconds .

========================================================================
Received Import Request.
  Time since last request: 23.529708 seconds.
  path: Assets/Scripts/Player_Scripts/Player_Jump.cs
  artifactKey: Guid(9a0b761545fcf8044b6db8e8f5bc69e4) Importer(815301076,1909f56bfc062723c751e8b465ee728b)
Start importing Assets/Scripts/Player_Scripts/Player_Jump.cs using Guid(9a0b761545fcf8044b6db8e8f5bc69e4) Importer(815301076,1909f56bfc062723c751e8b465ee728b)  -> (artifact id: '5b8b7ec105c389958ca86e1037869e1b') in 0.042355 seconds
  Import took 0.102097 seconds .

========================================================================
Received Import Request.
  Time since last request: 2.522952 seconds.
  path: Assets/Scripts/Player_Scripts/Change_Scene.cs
  artifactKey: Guid(d9f1e16a97eb77943971bcf06baa8f3e) Importer(815301076,1909f56bfc062723c751e8b465ee728b)
Start importing Assets/Scripts/Player_Scripts/Change_Scene.cs using Guid(d9f1e16a97eb77943971bcf06baa8f3e) Importer(815301076,1909f56bfc062723c751e8b465ee728b)  -> (artifact id: '47b7bdf4871ea0ad6b236a6572e59c48') in 0.020048 seconds
  Import took 0.036582 seconds .

========================================================================
Received Import Request.
  Time since last request: 277.885107 seconds.
  path: Assets/Scripts/Interactions_Scripts/Scripts_IceScene/InterativeTriggering_Object.cs
  artifactKey: Guid(835084703a5ebca429b495088e497121) Importer(815301076,1909f56bfc062723c751e8b465ee728b)
Start importing Assets/Scripts/Interactions_Scripts/Scripts_IceScene/InterativeTriggering_Object.cs using Guid(835084703a5ebca429b495088e497121) Importer(815301076,1909f56bfc062723c751e8b465ee728b)  -> (artifact id: '248260ed5e72156598a7e36aa332cd93') in 0.010999 seconds
  Import took 0.037656 seconds .

========================================================================
Received Import Request.
  Time since last request: 1.372065 seconds.
  path: Assets/Scripts/Interactions_Scripts/Scripts_IceScene/InterativeCollision_Object.cs
  artifactKey: Guid(de95891362569574e828b773733b84a0) Importer(815301076,1909f56bfc062723c751e8b465ee728b)
Start importing Assets/Scripts/Interactions_Scripts/Scripts_IceScene/InterativeCollision_Object.cs using Guid(de95891362569574e828b773733b84a0) Importer(815301076,1909f56bfc062723c751e8b465ee728b)  -> (artifact id: 'af1c716cdcd26beadc0ed0654414ae09') in 0.022867 seconds
  Import took 0.030507 seconds .

========================================================================
Received Import Request.
  Time since last request: 0.769043 seconds.
  path: Assets/Scripts/Interactions_Scripts/Scripts_IceScene/Interative_Tile_Collision.cs
  artifactKey: Guid(c46e52a3d43eb1d4c9ccd7e2de5b07f4) Importer(815301076,1909f56bfc062723c751e8b465ee728b)
Start importing Assets/Scripts/Interactions_Scripts/Scripts_IceScene/Interative_Tile_Collision.cs using Guid(c46e52a3d43eb1d4c9ccd7e2de5b07f4) Importer(815301076,1909f56bfc062723c751e8b465ee728b)  -> (artifact id: 'ae6e16de24aeeae4627be7f86084e5e7') in 0.010019 seconds
  Import took 0.031848 seconds .

========================================================================
Received Import Request.
  Time since last request: 0.545707 seconds.
  path: Assets/Scripts/Interactions_Scripts/Scripts_IceScene/Interative_PressurePlate.cs
  artifactKey: Guid(4ae42f0445442b248ad241bcd01bd9b6) Importer(815301076,1909f56bfc062723c751e8b465ee728b)
Start importing Assets/Scripts/Interactions_Scripts/Scripts_IceScene/Interative_PressurePlate.cs using Guid(4ae42f0445442b248ad241bcd01bd9b6) Importer(815301076,1909f56bfc062723c751e8b465ee728b)  -> (artifact id: 'aab45c11f633dad3af658a16458825fe') in 0.018425 seconds
  Import took 0.025087 seconds .

========================================================================
Received Import Request.
  Time since last request: 1.333294 seconds.
  path: Assets/Scripts/Interactions_Scripts/Scripts_IceScene/Interative_Ground.cs
  artifactKey: Guid(08b58542e884dc3409b2c7430fc50ed4) Importer(815301076,1909f56bfc062723c751e8b465ee728b)
Start importing Assets/Scripts/Interactions_Scripts/Scripts_IceScene/Interative_Ground.cs using Guid(08b58542e884dc3409b2c7430fc50ed4) Importer(815301076,1909f56bfc062723c751e8b465ee728b)  -> (artifact id: 'f8c06feac39e6a13a0e75682b3c4fcca') in 0.007577 seconds
  Import took 0.054245 seconds .

========================================================================
Received Import Request.
  Time since last request: 0.454014 seconds.
  path: Assets/Scripts/Interactions_Scripts/Scripts_IceScene/Interative_Button.cs
  artifactKey: Guid(16c58653dd23983458218940d9b86ab6) Importer(815301076,1909f56bfc062723c751e8b465ee728b)
Start importing Assets/Scripts/Interactions_Scripts/Scripts_IceScene/Interative_Button.cs using Guid(16c58653dd23983458218940d9b86ab6) Importer(815301076,1909f56bfc062723c751e8b465ee728b)  -> (artifact id: '7a27e0a9c266611f7c892c7170e5a589') in 0.013860 seconds
  Import took 0.035931 seconds .

========================================================================
Received Import Request.
  Time since last request: 0.761558 seconds.
  path: Assets/Scripts/Interactions_Scripts/Scripts_IceScene/Interative_Brige.cs
  artifactKey: Guid(1d02affc07873d44fb5bb07bb358493f) Importer(815301076,1909f56bfc062723c751e8b465ee728b)
Start importing Assets/Scripts/Interactions_Scripts/Scripts_IceScene/Interative_Brige.cs using Guid(1d02affc07873d44fb5bb07bb358493f) Importer(815301076,1909f56bfc062723c751e8b465ee728b)  -> (artifact id: 'b46e73fec8a2edb1c68b2befa1afdd93') in 0.010207 seconds
  Import took 0.029604 seconds .

========================================================================
Received Import Request.
  Time since last request: 6.621169 seconds.
  path: Assets/Scripts/Interactions_Scripts/Scripts_FireScene
  artifactKey: Guid(7a4dc981bec670343bd79ed589f8b093) Importer(815301076,1909f56bfc062723c751e8b465ee728b)
Start importing Assets/Scripts/Interactions_Scripts/Scripts_FireScene using Guid(7a4dc981bec670343bd79ed589f8b093) Importer(815301076,1909f56bfc062723c751e8b465ee728b)  -> (artifact id: 'f74227ab587d1749095fd94ff6895839') in 0.026338 seconds
  Import took 0.032743 seconds .

========================================================================
Received Import Request.
  Time since last request: 20.693114 seconds.
  path: Assets/Scripts/Player_Scripts/ChangeScenarie.cs
  artifactKey: Guid(57d88506f4f45f74a80a3cf1b62c8fef) Importer(815301076,1909f56bfc062723c751e8b465ee728b)
Start importing Assets/Scripts/Player_Scripts/ChangeScenarie.cs using Guid(57d88506f4f45f74a80a3cf1b62c8fef) Importer(815301076,1909f56bfc062723c751e8b465ee728b)  -> (artifact id: '39a38c0ee093ee2aa455b73b0716b2c0') in 0.013042 seconds
  Import took 0.167402 seconds .

========================================================================
Received Prepare
Registering precompiled user dll's ...
Registered in 0.001812 seconds.
Begin MonoManager ReloadAssembly
Native extension for WindowsStandalone target not found
Refreshing native plugins compatible for Editor in 0.51 ms, found 1 plugins.
Preloading 0 native plugins for Editor in 0.00 ms.
Mono: successfully reloaded assembly
- Completed reload, in  1.281 seconds
Platform modules already initialized, skipping
Refreshing native plugins compatible for Editor in 0.46 ms, found 1 plugins.
Preloading 0 native plugins for Editor in 0.00 ms.
Unloading 1817 Unused Serialized files (Serialized files now loaded: 0)
System memory in use before: 88.5 MB.
System memory in use after: 88.6 MB.

Unloading 7 unused Assets to reduce memory usage. Loaded Objects now: 2294.
Total: 2.305400 ms (FindLiveObjects: 0.195600 ms CreateObjectMapping: 0.075800 ms MarkObjects: 2.007400 ms  DeleteObjects: 0.025000 ms)

========================================================================
Received Import Request.
  Time since last request: 180.515638 seconds.
  path: Assets/Scenes/Fire_Scene.unity
  artifactKey: Guid(795ae863af72eb942a7785639b305c77) Importer(815301076,1909f56bfc062723c751e8b465ee728b)
Start importing Assets/Scenes/Fire_Scene.unity using Guid(795ae863af72eb942a7785639b305c77) Importer(815301076,1909f56bfc062723c751e8b465ee728b)  -> (artifact id: '76846042d82d6b05d63913d423214614') in 0.063599 seconds
  Import took 0.083636 seconds .

========================================================================
Received Prepare
Registering precompiled user dll's ...
Registered in 0.001805 seconds.
Begin MonoManager ReloadAssembly
Native extension for WindowsStandalone target not found
Refreshing native plugins compatible for Editor in 0.72 ms, found 1 plugins.
Preloading 0 native plugins for Editor in 0.00 ms.
Mono: successfully reloaded assembly
- Completed reload, in  1.412 seconds
Platform modules already initialized, skipping
Refreshing native plugins compatible for Editor in 0.70 ms, found 1 plugins.
Preloading 0 native plugins for Editor in 0.00 ms.
Unloading 1817 Unused Serialized files (Serialized files now loaded: 0)
System memory in use before: 88.7 MB.
System memory in use after: 88.8 MB.

Unloading 7 unused Assets to reduce memory usage. Loaded Objects now: 2298.
Total: 2.118100 ms (FindLiveObjects: 0.201600 ms CreateObjectMapping: 0.077000 ms MarkObjects: 1.821200 ms  DeleteObjects: 0.017100 ms)

========================================================================
Received Prepare
Registering precompiled user dll's ...
Registered in 0.001767 seconds.
Begin MonoManager ReloadAssembly
Native extension for WindowsStandalone target not found
Refreshing native plugins compatible for Editor in 0.87 ms, found 1 plugins.
Preloading 0 native plugins for Editor in 0.00 ms.
Mono: successfully reloaded assembly
- Completed reload, in  1.213 seconds
Platform modules already initialized, skipping
Refreshing native plugins compatible for Editor in 0.49 ms, found 1 plugins.
Preloading 0 native plugins for Editor in 0.00 ms.
Unloading 1817 Unused Serialized files (Serialized files now loaded: 0)
System memory in use before: 88.8 MB.
System memory in use after: 88.9 MB.

Unloading 7 unused Assets to reduce memory usage. Loaded Objects now: 2302.
Total: 2.403900 ms (FindLiveObjects: 0.219100 ms CreateObjectMapping: 0.079600 ms MarkObjects: 2.077000 ms  DeleteObjects: 0.026800 ms)

========================================================================
Received Import Request.
  Time since last request: 134.416615 seconds.
  path: Assets/Scripts/Player_Scripts/ChangeScenarie.cs
  artifactKey: Guid(57d88506f4f45f74a80a3cf1b62c8fef) Importer(815301076,1909f56bfc062723c751e8b465ee728b)
Start importing Assets/Scripts/Player_Scripts/ChangeScenarie.cs using Guid(57d88506f4f45f74a80a3cf1b62c8fef) Importer(815301076,1909f56bfc062723c751e8b465ee728b)  -> (artifact id: 'd775df77ecded2ba9529900588d6e6f9') in 0.010705 seconds
  Import took 0.031515 seconds .

========================================================================
Received Import Request.
  Time since last request: 5.856500 seconds.
  path: Assets/Scripts/Player_Scripts/ChangeToFireScene.cs
  artifactKey: Guid(57d88506f4f45f74a80a3cf1b62c8fef) Importer(815301076,1909f56bfc062723c751e8b465ee728b)
Start importing Assets/Scripts/Player_Scripts/ChangeToFireScene.cs using Guid(57d88506f4f45f74a80a3cf1b62c8fef) Importer(815301076,1909f56bfc062723c751e8b465ee728b)  -> (artifact id: '89b1eb694c22c501030da8a721751452') in 0.010651 seconds
  Import took 0.032995 seconds .

========================================================================
Received Prepare
Registering precompiled user dll's ...
Registered in 0.001727 seconds.
Begin MonoManager ReloadAssembly
Native extension for WindowsStandalone target not found
Refreshing native plugins compatible for Editor in 0.58 ms, found 1 plugins.
Preloading 0 native plugins for Editor in 0.00 ms.
Mono: successfully reloaded assembly
- Completed reload, in  1.256 seconds
Platform modules already initialized, skipping
Refreshing native plugins compatible for Editor in 0.51 ms, found 1 plugins.
Preloading 0 native plugins for Editor in 0.00 ms.
Unloading 1817 Unused Serialized files (Serialized files now loaded: 0)
System memory in use before: 88.8 MB.
System memory in use after: 88.9 MB.

Unloading 7 unused Assets to reduce memory usage. Loaded Objects now: 2306.
Total: 2.177100 ms (FindLiveObjects: 0.200600 ms CreateObjectMapping: 0.083900 ms MarkObjects: 1.874000 ms  DeleteObjects: 0.017100 ms)

========================================================================
Received Prepare
Registering precompiled user dll's ...
Registered in 0.003387 seconds.
Begin MonoManager ReloadAssembly
Native extension for WindowsStandalone target not found
Refreshing native plugins compatible for Editor in 0.47 ms, found 1 plugins.
Preloading 0 native plugins for Editor in 0.00 ms.
Mono: successfully reloaded assembly
- Completed reload, in  1.258 seconds
Platform modules already initialized, skipping
Refreshing native plugins compatible for Editor in 0.46 ms, found 1 plugins.
Preloading 0 native plugins for Editor in 0.00 ms.
Unloading 1818 Unused Serialized files (Serialized files now loaded: 0)
System memory in use before: 88.8 MB.
System memory in use after: 88.9 MB.

Unloading 7 unused Assets to reduce memory usage. Loaded Objects now: 2311.
Total: 2.168200 ms (FindLiveObjects: 0.232700 ms CreateObjectMapping: 0.077300 ms MarkObjects: 1.831600 ms  DeleteObjects: 0.025300 ms)

========================================================================
Received Import Request.
  Time since last request: 19.228999 seconds.
  path: Assets/Scripts/Player_Scripts/ChangeScenarie.cs
  artifactKey: Guid(a062c28c5042d554c8f9d556ef3495c5) Importer(815301076,1909f56bfc062723c751e8b465ee728b)
Start importing Assets/Scripts/Player_Scripts/ChangeScenarie.cs using Guid(a062c28c5042d554c8f9d556ef3495c5) Importer(815301076,1909f56bfc062723c751e8b465ee728b)  -> (artifact id: '46407cd74c3e6dce990cafd6cb4ec8cc') in 0.011954 seconds
  Import took 0.032600 seconds .

========================================================================
Received Prepare
Registering precompiled user dll's ...
Registered in 0.001850 seconds.
Begin MonoManager ReloadAssembly
Native extension for WindowsStandalone target not found
Refreshing native plugins compatible for Editor in 0.47 ms, found 1 plugins.
Preloading 0 native plugins for Editor in 0.00 ms.
Mono: successfully reloaded assembly
- Completed reload, in  1.219 seconds
Platform modules already initialized, skipping
Refreshing native plugins compatible for Editor in 0.46 ms, found 1 plugins.
Preloading 0 native plugins for Editor in 0.00 ms.
Unloading 1817 Unused Serialized files (Serialized files now loaded: 0)
System memory in use before: 88.8 MB.
System memory in use after: 88.9 MB.

Unloading 8 unused Assets to reduce memory usage. Loaded Objects now: 2314.
Total: 2.232400 ms (FindLiveObjects: 0.209000 ms CreateObjectMapping: 0.078200 ms MarkObjects: 1.923500 ms  DeleteObjects: 0.020100 ms)

========================================================================
Received Import Request.
  Time since last request: 35.686218 seconds.
  path: Assets/Scripts/Player_Scripts/ChangeToFireScene.cs
  artifactKey: Guid(57d88506f4f45f74a80a3cf1b62c8fef) Importer(815301076,1909f56bfc062723c751e8b465ee728b)
Start importing Assets/Scripts/Player_Scripts/ChangeToFireScene.cs using Guid(57d88506f4f45f74a80a3cf1b62c8fef) Importer(815301076,1909f56bfc062723c751e8b465ee728b)  -> (artifact id: 'ccbc061ba71b0edcc0eb187902260382') in 0.010688 seconds
  Import took 0.036931 seconds .

========================================================================
Received Prepare
Registering precompiled user dll's ...
Registered in 0.001633 seconds.
Begin MonoManager ReloadAssembly
Native extension for WindowsStandalone target not found
Refreshing native plugins compatible for Editor in 0.49 ms, found 1 plugins.
Preloading 0 native plugins for Editor in 0.00 ms.
Mono: successfully reloaded assembly
- Completed reload, in  1.208 seconds
Platform modules already initialized, skipping
Refreshing native plugins compatible for Editor in 0.53 ms, found 1 plugins.
Preloading 0 native plugins for Editor in 0.00 ms.
Unloading 1817 Unused Serialized files (Serialized files now loaded: 0)
System memory in use before: 88.8 MB.
System memory in use after: 88.9 MB.

Unloading 7 unused Assets to reduce memory usage. Loaded Objects now: 2318.
Total: 2.768700 ms (FindLiveObjects: 0.221000 ms CreateObjectMapping: 0.080500 ms MarkObjects: 2.440000 ms  DeleteObjects: 0.025300 ms)

========================================================================
Received Prepare
Registering precompiled user dll's ...
Registered in 0.002227 seconds.
Begin MonoManager ReloadAssembly
Native extension for WindowsStandalone target not found
Refreshing native plugins compatible for Editor in 0.48 ms, found 1 plugins.
Preloading 0 native plugins for Editor in 0.00 ms.
Mono: successfully reloaded assembly
- Completed reload, in  1.236 seconds
Platform modules already initialized, skipping
Refreshing native plugins compatible for Editor in 0.47 ms, found 1 plugins.
Preloading 0 native plugins for Editor in 0.00 ms.
Unloading 1817 Unused Serialized files (Serialized files now loaded: 0)
System memory in use before: 88.8 MB.
System memory in use after: 88.9 MB.

Unloading 7 unused Assets to reduce memory usage. Loaded Objects now: 2322.
Total: 2.430600 ms (FindLiveObjects: 0.273600 ms CreateObjectMapping: 0.093100 ms MarkObjects: 2.043700 ms  DeleteObjects: 0.018500 ms)

========================================================================
Received Prepare
Registering precompiled user dll's ...
Registered in 0.001696 seconds.
Begin MonoManager ReloadAssembly
Native extension for WindowsStandalone target not found
Refreshing native plugins compatible for Editor in 0.47 ms, found 1 plugins.
Preloading 0 native plugins for Editor in 0.00 ms.
Mono: successfully reloaded assembly
- Completed reload, in  1.206 seconds
Platform modules already initialized, skipping
Refreshing native plugins compatible for Editor in 0.51 ms, found 1 plugins.
Preloading 0 native plugins for Editor in 0.00 ms.
Unloading 1817 Unused Serialized files (Serialized files now loaded: 0)
System memory in use before: 88.8 MB.
System memory in use after: 88.9 MB.

Unloading 7 unused Assets to reduce memory usage. Loaded Objects now: 2326.
Total: 2.452700 ms (FindLiveObjects: 0.253200 ms CreateObjectMapping: 0.091500 ms MarkObjects: 2.083400 ms  DeleteObjects: 0.022500 ms)

========================================================================
Received Prepare
Registering precompiled user dll's ...
Registered in 0.001832 seconds.
Begin MonoManager ReloadAssembly
Native extension for WindowsStandalone target not found
Refreshing native plugins compatible for Editor in 0.47 ms, found 1 plugins.
Preloading 0 native plugins for Editor in 0.00 ms.
Mono: successfully reloaded assembly
- Completed reload, in  1.621 seconds
Platform modules already initialized, skipping
Refreshing native plugins compatible for Editor in 0.88 ms, found 1 plugins.
Preloading 0 native plugins for Editor in 0.00 ms.
Unloading 1817 Unused Serialized files (Serialized files now loaded: 0)
System memory in use before: 88.8 MB.
System memory in use after: 88.9 MB.

Unloading 7 unused Assets to reduce memory usage. Loaded Objects now: 2330.
Total: 2.583200 ms (FindLiveObjects: 0.307200 ms CreateObjectMapping: 0.114100 ms MarkObjects: 2.141000 ms  DeleteObjects: 0.019200 ms)

========================================================================
Received Import Request.
  Time since last request: 395.637241 seconds.
  path: Assets/Scenes/Ice_Scene.unity
  artifactKey: Guid(65064696cade87a4d83feded66bc6056) Importer(815301076,1909f56bfc062723c751e8b465ee728b)
Start importing Assets/Scenes/Ice_Scene.unity using Guid(65064696cade87a4d83feded66bc6056) Importer(815301076,1909f56bfc062723c751e8b465ee728b)  -> (artifact id: '5ebed242c5e06dbf076c2e9bebd7fcd8') in 0.022174 seconds
  Import took 0.038121 seconds .

========================================================================
Received Import Request.
  Time since last request: 42.638886 seconds.
  path: Assets/Scenes/Fire_Scene.unity
  artifactKey: Guid(795ae863af72eb942a7785639b305c77) Importer(815301076,1909f56bfc062723c751e8b465ee728b)
Start importing Assets/Scenes/Fire_Scene.unity using Guid(795ae863af72eb942a7785639b305c77) Importer(815301076,1909f56bfc062723c751e8b465ee728b)  -> (artifact id: '9ee34db01153e637a9fdf59158b4b6cc') in 0.011864 seconds
  Import took 0.016577 seconds .

========================================================================
Received Prepare
Registering precompiled user dll's ...
Registered in 0.001760 seconds.
Begin MonoManager ReloadAssembly
Native extension for WindowsStandalone target not found
Refreshing native plugins compatible for Editor in 0.48 ms, found 1 plugins.
Preloading 0 native plugins for Editor in 0.00 ms.
Mono: successfully reloaded assembly
- Completed reload, in  1.363 seconds
Platform modules already initialized, skipping
Refreshing native plugins compatible for Editor in 0.58 ms, found 1 plugins.
Preloading 0 native plugins for Editor in 0.00 ms.
Unloading 1817 Unused Serialized files (Serialized files now loaded: 0)
System memory in use before: 88.8 MB.
System memory in use after: 89.0 MB.

Unloading 7 unused Assets to reduce memory usage. Loaded Objects now: 2334.
Total: 3.233700 ms (FindLiveObjects: 0.295400 ms CreateObjectMapping: 0.103100 ms MarkObjects: 2.809200 ms  DeleteObjects: 0.023900 ms)

========================================================================
Received Import Request.
  Time since last request: 146.055949 seconds.
  path: Assets/Scenes/Ice_Scene.unity
  artifactKey: Guid(65064696cade87a4d83feded66bc6056) Importer(815301076,1909f56bfc062723c751e8b465ee728b)
Start importing Assets/Scenes/Ice_Scene.unity using Guid(65064696cade87a4d83feded66bc6056) Importer(815301076,1909f56bfc062723c751e8b465ee728b)  -> (artifact id: 'c593875c77b9a34442d95f831baf1662') in 0.029514 seconds
  Import took 0.051384 seconds .

========================================================================
Received Prepare
Registering precompiled user dll's ...
Registered in 0.002379 seconds.
Begin MonoManager ReloadAssembly
Native extension for WindowsStandalone target not found
Refreshing native plugins compatible for Editor in 0.48 ms, found 1 plugins.
Preloading 0 native plugins for Editor in 0.00 ms.
Mono: successfully reloaded assembly
- Completed reload, in  1.255 seconds
Platform modules already initialized, skipping
Refreshing native plugins compatible for Editor in 0.63 ms, found 1 plugins.
Preloading 0 native plugins for Editor in 0.00 ms.
Unloading 1817 Unused Serialized files (Serialized files now loaded: 0)
System memory in use before: 88.9 MB.
System memory in use after: 89.0 MB.

Unloading 7 unused Assets to reduce memory usage. Loaded Objects now: 2338.
Total: 3.212100 ms (FindLiveObjects: 0.255900 ms CreateObjectMapping: 0.079900 ms MarkObjects: 2.853600 ms  DeleteObjects: 0.019900 ms)

========================================================================
Received Prepare
Registering precompiled user dll's ...
Registered in 0.001656 seconds.
Begin MonoManager ReloadAssembly
Native extension for WindowsStandalone target not found
Refreshing native plugins compatible for Editor in 0.84 ms, found 1 plugins.
Preloading 0 native plugins for Editor in 0.00 ms.
Mono: successfully reloaded assembly
- Completed reload, in  1.211 seconds
Platform modules already initialized, skipping
Refreshing native plugins compatible for Editor in 0.47 ms, found 1 plugins.
Preloading 0 native plugins for Editor in 0.00 ms.
Unloading 1817 Unused Serialized files (Serialized files now loaded: 0)
System memory in use before: 88.9 MB.
System memory in use after: 89.0 MB.

Unloading 7 unused Assets to reduce memory usage. Loaded Objects now: 2342.
Total: 2.926900 ms (FindLiveObjects: 0.224300 ms CreateObjectMapping: 0.077800 ms MarkObjects: 2.589800 ms  DeleteObjects: 0.032200 ms)

========================================================================
Received Prepare
Registering precompiled user dll's ...
Registered in 0.001675 seconds.
Begin MonoManager ReloadAssembly
Native extension for WindowsStandalone target not found
Refreshing native plugins compatible for Editor in 0.68 ms, found 1 plugins.
Preloading 0 native plugins for Editor in 0.00 ms.
Mono: successfully reloaded assembly
- Completed reload, in  1.208 seconds
Platform modules already initialized, skipping
Refreshing native plugins compatible for Editor in 0.47 ms, found 1 plugins.
Preloading 0 native plugins for Editor in 0.00 ms.
Unloading 1817 Unused Serialized files (Serialized files now loaded: 0)
System memory in use before: 88.9 MB.
System memory in use after: 89.0 MB.

Unloading 7 unused Assets to reduce memory usage. Loaded Objects now: 2346.
Total: 2.072500 ms (FindLiveObjects: 0.206000 ms CreateObjectMapping: 0.076000 ms MarkObjects: 1.772300 ms  DeleteObjects: 0.016900 ms)

========================================================================
Received Prepare
Registering precompiled user dll's ...
Registered in 0.002626 seconds.
Begin MonoManager ReloadAssembly
Native extension for WindowsStandalone target not found
Refreshing native plugins compatible for Editor in 0.47 ms, found 1 plugins.
Preloading 0 native plugins for Editor in 0.00 ms.
Mono: successfully reloaded assembly
- Completed reload, in  1.282 seconds
Platform modules already initialized, skipping
Refreshing native plugins compatible for Editor in 0.54 ms, found 1 plugins.
Preloading 0 native plugins for Editor in 0.00 ms.
Unloading 1817 Unused Serialized files (Serialized files now loaded: 0)
System memory in use before: 88.9 MB.
System memory in use after: 89.0 MB.

Unloading 7 unused Assets to reduce memory usage. Loaded Objects now: 2350.
Total: 3.031400 ms (FindLiveObjects: 0.273600 ms CreateObjectMapping: 0.152600 ms MarkObjects: 2.583100 ms  DeleteObjects: 0.020200 ms)

========================================================================
Received Prepare
Registering precompiled user dll's ...
Registered in 0.002551 seconds.
Begin MonoManager ReloadAssembly
Native extension for WindowsStandalone target not found
Refreshing native plugins compatible for Editor in 0.46 ms, found 1 plugins.
Preloading 0 native plugins for Editor in 0.00 ms.
Mono: successfully reloaded assembly
- Completed reload, in  1.219 seconds
Platform modules already initialized, skipping
Refreshing native plugins compatible for Editor in 0.47 ms, found 1 plugins.
Preloading 0 native plugins for Editor in 0.00 ms.
Unloading 1817 Unused Serialized files (Serialized files now loaded: 0)
System memory in use before: 88.9 MB.
System memory in use after: 89.0 MB.

Unloading 7 unused Assets to reduce memory usage. Loaded Objects now: 2354.
Total: 2.641400 ms (FindLiveObjects: 0.225800 ms CreateObjectMapping: 0.080200 ms MarkObjects: 2.310500 ms  DeleteObjects: 0.023300 ms)

========================================================================
Received Prepare
Registering precompiled user dll's ...
Registered in 0.001731 seconds.
Begin MonoManager ReloadAssembly
Native extension for WindowsStandalone target not found
Refreshing native plugins compatible for Editor in 0.47 ms, found 1 plugins.
Preloading 0 native plugins for Editor in 0.00 ms.
Mono: successfully reloaded assembly
- Completed reload, in  1.199 seconds
Platform modules already initialized, skipping
Refreshing native plugins compatible for Editor in 0.47 ms, found 1 plugins.
Preloading 0 native plugins for Editor in 0.00 ms.
Unloading 1817 Unused Serialized files (Serialized files now loaded: 0)
System memory in use before: 88.9 MB.
System memory in use after: 89.0 MB.

Unloading 7 unused Assets to reduce memory usage. Loaded Objects now: 2358.
Total: 2.223500 ms (FindLiveObjects: 0.225200 ms CreateObjectMapping: 0.080700 ms MarkObjects: 1.896200 ms  DeleteObjects: 0.019800 ms)

========================================================================
Received Prepare
Registering precompiled user dll's ...
Registered in 0.001674 seconds.
Begin MonoManager ReloadAssembly
Native extension for WindowsStandalone target not found
Refreshing native plugins compatible for Editor in 0.49 ms, found 1 plugins.
Preloading 0 native plugins for Editor in 0.00 ms.
Mono: successfully reloaded assembly
- Completed reload, in  1.204 seconds
Platform modules already initialized, skipping
Refreshing native plugins compatible for Editor in 0.52 ms, found 1 plugins.
Preloading 0 native plugins for Editor in 0.00 ms.
Unloading 1817 Unused Serialized files (Serialized files now loaded: 0)
System memory in use before: 88.9 MB.
System memory in use after: 89.0 MB.

Unloading 7 unused Assets to reduce memory usage. Loaded Objects now: 2362.
Total: 2.264300 ms (FindLiveObjects: 0.227100 ms CreateObjectMapping: 0.096300 ms MarkObjects: 1.911100 ms  DeleteObjects: 0.028100 ms)

========================================================================
Received Prepare
Registering precompiled user dll's ...
Registered in 0.001659 seconds.
Begin MonoManager ReloadAssembly
Native extension for WindowsStandalone target not found
Refreshing native plugins compatible for Editor in 0.46 ms, found 1 plugins.
Preloading 0 native plugins for Editor in 0.00 ms.
Mono: successfully reloaded assembly
- Completed reload, in  1.199 seconds
Platform modules already initialized, skipping
Refreshing native plugins compatible for Editor in 0.47 ms, found 1 plugins.
Preloading 0 native plugins for Editor in 0.00 ms.
Unloading 1817 Unused Serialized files (Serialized files now loaded: 0)
System memory in use before: 88.9 MB.
System memory in use after: 89.0 MB.

Unloading 7 unused Assets to reduce memory usage. Loaded Objects now: 2366.
Total: 3.032500 ms (FindLiveObjects: 0.216000 ms CreateObjectMapping: 0.079200 ms MarkObjects: 2.715300 ms  DeleteObjects: 0.020500 ms)

========================================================================
Received Prepare
Registering precompiled user dll's ...
Registered in 0.001845 seconds.
Begin MonoManager ReloadAssembly
Native extension for WindowsStandalone target not found
Refreshing native plugins compatible for Editor in 0.46 ms, found 1 plugins.
Preloading 0 native plugins for Editor in 0.00 ms.
Mono: successfully reloaded assembly
- Completed reload, in  1.208 seconds
Platform modules already initialized, skipping
Refreshing native plugins compatible for Editor in 0.49 ms, found 1 plugins.
Preloading 0 native plugins for Editor in 0.00 ms.
Unloading 1817 Unused Serialized files (Serialized files now loaded: 0)
System memory in use before: 88.9 MB.
System memory in use after: 89.0 MB.

Unloading 7 unused Assets to reduce memory usage. Loaded Objects now: 2370.
Total: 2.490500 ms (FindLiveObjects: 0.245500 ms CreateObjectMapping: 0.084100 ms MarkObjects: 2.139900 ms  DeleteObjects: 0.019200 ms)

========================================================================
Received Prepare
Registering precompiled user dll's ...
Registered in 0.001724 seconds.
Begin MonoManager ReloadAssembly
Native extension for WindowsStandalone target not found
Refreshing native plugins compatible for Editor in 0.46 ms, found 1 plugins.
Preloading 0 native plugins for Editor in 0.00 ms.
Mono: successfully reloaded assembly
- Completed reload, in  1.221 seconds
Platform modules already initialized, skipping
Refreshing native plugins compatible for Editor in 0.61 ms, found 1 plugins.
Preloading 0 native plugins for Editor in 0.00 ms.
Unloading 1817 Unused Serialized files (Serialized files now loaded: 0)
System memory in use before: 88.9 MB.
System memory in use after: 89.0 MB.

Unloading 7 unused Assets to reduce memory usage. Loaded Objects now: 2374.
Total: 2.265400 ms (FindLiveObjects: 0.221200 ms CreateObjectMapping: 0.083700 ms MarkObjects: 1.939100 ms  DeleteObjects: 0.019900 ms)

========================================================================
Received Prepare
Registering precompiled user dll's ...
Registered in 0.002979 seconds.
Begin MonoManager ReloadAssembly
Native extension for WindowsStandalone target not found
Refreshing native plugins compatible for Editor in 0.63 ms, found 1 plugins.
Preloading 0 native plugins for Editor in 0.00 ms.
Mono: successfully reloaded assembly
- Completed reload, in  1.675 seconds
Platform modules already initialized, skipping
Refreshing native plugins compatible for Editor in 0.53 ms, found 1 plugins.
Preloading 0 native plugins for Editor in 0.00 ms.
Unloading 1817 Unused Serialized files (Serialized files now loaded: 0)
System memory in use before: 88.9 MB.
System memory in use after: 89.0 MB.

Unloading 7 unused Assets to reduce memory usage. Loaded Objects now: 2378.
Total: 2.900800 ms (FindLiveObjects: 0.275200 ms CreateObjectMapping: 0.131100 ms MarkObjects: 2.474000 ms  DeleteObjects: 0.018500 ms)

========================================================================
Received Prepare
Registering precompiled user dll's ...
Registered in 0.002418 seconds.
Begin MonoManager ReloadAssembly
Native extension for WindowsStandalone target not found
Refreshing native plugins compatible for Editor in 0.46 ms, found 1 plugins.
Preloading 0 native plugins for Editor in 0.00 ms.
Mono: successfully reloaded assembly
- Completed reload, in  1.229 seconds
Platform modules already initialized, skipping
Refreshing native plugins compatible for Editor in 0.47 ms, found 1 plugins.
Preloading 0 native plugins for Editor in 0.00 ms.
Unloading 1817 Unused Serialized files (Serialized files now loaded: 0)
System memory in use before: 88.9 MB.
System memory in use after: 89.1 MB.

Unloading 7 unused Assets to reduce memory usage. Loaded Objects now: 2382.
Total: 2.400500 ms (FindLiveObjects: 0.236200 ms CreateObjectMapping: 0.079800 ms MarkObjects: 2.053500 ms  DeleteObjects: 0.029100 ms)

========================================================================
Received Prepare
Registering precompiled user dll's ...
Registered in 0.001939 seconds.
Begin MonoManager ReloadAssembly
Native extension for WindowsStandalone target not found
Refreshing native plugins compatible for Editor in 0.58 ms, found 1 plugins.
Preloading 0 native plugins for Editor in 0.00 ms.
Mono: successfully reloaded assembly
- Completed reload, in  1.210 seconds
Platform modules already initialized, skipping
Refreshing native plugins compatible for Editor in 0.47 ms, found 1 plugins.
Preloading 0 native plugins for Editor in 0.00 ms.
Unloading 1817 Unused Serialized files (Serialized files now loaded: 0)
System memory in use before: 89.0 MB.
System memory in use after: 89.1 MB.

Unloading 7 unused Assets to reduce memory usage. Loaded Objects now: 2386.
Total: 2.563100 ms (FindLiveObjects: 0.243800 ms CreateObjectMapping: 0.075700 ms MarkObjects: 2.218800 ms  DeleteObjects: 0.022900 ms)

========================================================================
Received Prepare
Registering precompiled user dll's ...
Registered in 0.002917 seconds.
Begin MonoManager ReloadAssembly
Native extension for WindowsStandalone target not found
Refreshing native plugins compatible for Editor in 0.46 ms, found 1 plugins.
Preloading 0 native plugins for Editor in 0.00 ms.
Mono: successfully reloaded assembly
- Completed reload, in  1.208 seconds
Platform modules already initialized, skipping
Refreshing native plugins compatible for Editor in 0.53 ms, found 1 plugins.
Preloading 0 native plugins for Editor in 0.00 ms.
Unloading 1817 Unused Serialized files (Serialized files now loaded: 0)
System memory in use before: 89.0 MB.
System memory in use after: 89.1 MB.

Unloading 7 unused Assets to reduce memory usage. Loaded Objects now: 2390.
Total: 2.315100 ms (FindLiveObjects: 0.203100 ms CreateObjectMapping: 0.084400 ms MarkObjects: 2.000900 ms  DeleteObjects: 0.025200 ms)

========================================================================
Received Prepare
Registering precompiled user dll's ...
Registered in 0.001723 seconds.
Begin MonoManager ReloadAssembly
Native extension for WindowsStandalone target not found
Refreshing native plugins compatible for Editor in 0.54 ms, found 1 plugins.
Preloading 0 native plugins for Editor in 0.00 ms.
Mono: successfully reloaded assembly
- Completed reload, in  1.493 seconds
Platform modules already initialized, skipping
Refreshing native plugins compatible for Editor in 0.48 ms, found 1 plugins.
Preloading 0 native plugins for Editor in 0.00 ms.
Unloading 1817 Unused Serialized files (Serialized files now loaded: 0)
System memory in use before: 89.0 MB.
System memory in use after: 89.1 MB.

Unloading 7 unused Assets to reduce memory usage. Loaded Objects now: 2394.
Total: 3.737000 ms (FindLiveObjects: 0.234400 ms CreateObjectMapping: 0.082500 ms MarkObjects: 3.393500 ms  DeleteObjects: 0.024200 ms)

========================================================================
Received Prepare
Registering precompiled user dll's ...
Registered in 0.001702 seconds.
Begin MonoManager ReloadAssembly
Native extension for WindowsStandalone target not found
Refreshing native plugins compatible for Editor in 0.52 ms, found 1 plugins.
Preloading 0 native plugins for Editor in 0.00 ms.
Mono: successfully reloaded assembly
- Completed reload, in  1.203 seconds
Platform modules already initialized, skipping
Refreshing native plugins compatible for Editor in 0.51 ms, found 1 plugins.
Preloading 0 native plugins for Editor in 0.00 ms.
Unloading 1817 Unused Serialized files (Serialized files now loaded: 0)
System memory in use before: 89.0 MB.
System memory in use after: 89.1 MB.

Unloading 7 unused Assets to reduce memory usage. Loaded Objects now: 2398.
Total: 2.240400 ms (FindLiveObjects: 0.202900 ms CreateObjectMapping: 0.076600 ms MarkObjects: 1.938400 ms  DeleteObjects: 0.021000 ms)

========================================================================
Received Prepare
Registering precompiled user dll's ...
Registered in 0.001816 seconds.
Begin MonoManager ReloadAssembly
Native extension for WindowsStandalone target not found
Refreshing native plugins compatible for Editor in 0.58 ms, found 1 plugins.
Preloading 0 native plugins for Editor in 0.00 ms.
Mono: successfully reloaded assembly
- Completed reload, in  1.239 seconds
Platform modules already initialized, skipping
Refreshing native plugins compatible for Editor in 0.46 ms, found 1 plugins.
Preloading 0 native plugins for Editor in 0.00 ms.
Unloading 1817 Unused Serialized files (Serialized files now loaded: 0)
System memory in use before: 89.0 MB.
System memory in use after: 89.1 MB.

Unloading 7 unused Assets to reduce memory usage. Loaded Objects now: 2402.
Total: 2.401900 ms (FindLiveObjects: 0.258000 ms CreateObjectMapping: 0.105500 ms MarkObjects: 2.010100 ms  DeleteObjects: 0.026600 ms)

========================================================================
Received Prepare
Registering precompiled user dll's ...
Registered in 0.003410 seconds.
Begin MonoManager ReloadAssembly
Native extension for WindowsStandalone target not found
Refreshing native plugins compatible for Editor in 0.52 ms, found 1 plugins.
Preloading 0 native plugins for Editor in 0.00 ms.
Mono: successfully reloaded assembly
- Completed reload, in  1.596 seconds
Platform modules already initialized, skipping
Refreshing native plugins compatible for Editor in 0.68 ms, found 1 plugins.
Preloading 0 native plugins for Editor in 0.00 ms.
Unloading 1817 Unused Serialized files (Serialized files now loaded: 0)
System memory in use before: 89.0 MB.
System memory in use after: 89.1 MB.

Unloading 7 unused Assets to reduce memory usage. Loaded Objects now: 2406.
Total: 3.031000 ms (FindLiveObjects: 0.491900 ms CreateObjectMapping: 0.191700 ms MarkObjects: 2.316100 ms  DeleteObjects: 0.029300 ms)

========================================================================
Received Prepare
Registering precompiled user dll's ...
Registered in 0.001837 seconds.
Begin MonoManager ReloadAssembly
Native extension for WindowsStandalone target not found
Refreshing native plugins compatible for Editor in 0.58 ms, found 1 plugins.
Preloading 0 native plugins for Editor in 0.00 ms.
Mono: successfully reloaded assembly
- Completed reload, in  1.281 seconds
Platform modules already initialized, skipping
Refreshing native plugins compatible for Editor in 0.47 ms, found 1 plugins.
Preloading 0 native plugins for Editor in 0.00 ms.
Unloading 1817 Unused Serialized files (Serialized files now loaded: 0)
System memory in use before: 89.0 MB.
System memory in use after: 89.1 MB.

Unloading 7 unused Assets to reduce memory usage. Loaded Objects now: 2410.
Total: 2.569900 ms (FindLiveObjects: 0.293300 ms CreateObjectMapping: 0.084600 ms MarkObjects: 2.171300 ms  DeleteObjects: 0.018900 ms)

========================================================================
Received Prepare
Registering precompiled user dll's ...
Registered in 0.001849 seconds.
Begin MonoManager ReloadAssembly
Native extension for WindowsStandalone target not found
Refreshing native plugins compatible for Editor in 0.49 ms, found 1 plugins.
Preloading 0 native plugins for Editor in 0.00 ms.
Mono: successfully reloaded assembly
- Completed reload, in  1.195 seconds
Platform modules already initialized, skipping
Refreshing native plugins compatible for Editor in 0.53 ms, found 1 plugins.
Preloading 0 native plugins for Editor in 0.00 ms.
Unloading 1817 Unused Serialized files (Serialized files now loaded: 0)
System memory in use before: 89.0 MB.
System memory in use after: 89.1 MB.

Unloading 7 unused Assets to reduce memory usage. Loaded Objects now: 2414.
Total: 3.370500 ms (FindLiveObjects: 0.526600 ms CreateObjectMapping: 0.232400 ms MarkObjects: 2.584300 ms  DeleteObjects: 0.025400 ms)

========================================================================
Received Prepare
Registering precompiled user dll's ...
Registered in 0.001633 seconds.
Begin MonoManager ReloadAssembly
Native extension for WindowsStandalone target not found
Refreshing native plugins compatible for Editor in 0.47 ms, found 1 plugins.
Preloading 0 native plugins for Editor in 0.00 ms.
Mono: successfully reloaded assembly
- Completed reload, in  1.087 seconds
Platform modules already initialized, skipping
Refreshing native plugins compatible for Editor in 0.47 ms, found 1 plugins.
Preloading 0 native plugins for Editor in 0.00 ms.
Unloading 1817 Unused Serialized files (Serialized files now loaded: 0)
System memory in use before: 89.0 MB.
System memory in use after: 89.1 MB.

Unloading 7 unused Assets to reduce memory usage. Loaded Objects now: 2418.
Total: 2.279200 ms (FindLiveObjects: 0.224800 ms CreateObjectMapping: 0.077400 ms MarkObjects: 1.952000 ms  DeleteObjects: 0.023200 ms)

========================================================================
Received Prepare
Registering precompiled user dll's ...
Registered in 0.001703 seconds.
Begin MonoManager ReloadAssembly
Native extension for WindowsStandalone target not found
Refreshing native plugins compatible for Editor in 0.57 ms, found 1 plugins.
Preloading 0 native plugins for Editor in 0.00 ms.
Mono: successfully reloaded assembly
- Completed reload, in  1.094 seconds
Platform modules already initialized, skipping
Refreshing native plugins compatible for Editor in 0.47 ms, found 1 plugins.
Preloading 0 native plugins for Editor in 0.00 ms.
Unloading 1817 Unused Serialized files (Serialized files now loaded: 0)
System memory in use before: 89.0 MB.
System memory in use after: 89.2 MB.

Unloading 7 unused Assets to reduce memory usage. Loaded Objects now: 2422.
Total: 2.199700 ms (FindLiveObjects: 0.217300 ms CreateObjectMapping: 0.075100 ms MarkObjects: 1.878500 ms  DeleteObjects: 0.027300 ms)

========================================================================
Received Prepare
Registering precompiled user dll's ...
Registered in 0.001736 seconds.
Begin MonoManager ReloadAssembly
Native extension for WindowsStandalone target not found
Refreshing native plugins compatible for Editor in 0.49 ms, found 1 plugins.
Preloading 0 native plugins for Editor in 0.00 ms.
Mono: successfully reloaded assembly
- Completed reload, in  1.101 seconds
Platform modules already initialized, skipping
Refreshing native plugins compatible for Editor in 0.48 ms, found 1 plugins.
Preloading 0 native plugins for Editor in 0.00 ms.
Unloading 1817 Unused Serialized files (Serialized files now loaded: 0)
System memory in use before: 89.0 MB.
System memory in use after: 89.2 MB.

Unloading 7 unused Assets to reduce memory usage. Loaded Objects now: 2426.
Total: 2.402700 ms (FindLiveObjects: 0.221900 ms CreateObjectMapping: 0.077800 ms MarkObjects: 2.079900 ms  DeleteObjects: 0.021700 ms)

========================================================================
Received Prepare
Registering precompiled user dll's ...
Registered in 0.001674 seconds.
Begin MonoManager ReloadAssembly
Native extension for WindowsStandalone target not found
Refreshing native plugins compatible for Editor in 0.48 ms, found 1 plugins.
Preloading 0 native plugins for Editor in 0.00 ms.
Mono: successfully reloaded assembly
- Completed reload, in  1.093 seconds
Platform modules already initialized, skipping
Refreshing native plugins compatible for Editor in 0.41 ms, found 1 plugins.
Preloading 0 native plugins for Editor in 0.00 ms.
Unloading 1817 Unused Serialized files (Serialized files now loaded: 0)
System memory in use before: 89.0 MB.
System memory in use after: 89.2 MB.

Unloading 7 unused Assets to reduce memory usage. Loaded Objects now: 2430.
Total: 2.406100 ms (FindLiveObjects: 0.261600 ms CreateObjectMapping: 0.093300 ms MarkObjects: 2.018900 ms  DeleteObjects: 0.030800 ms)

========================================================================
Received Prepare
Registering precompiled user dll's ...
Registered in 0.001604 seconds.
Begin MonoManager ReloadAssembly
Native extension for WindowsStandalone target not found
Refreshing native plugins compatible for Editor in 0.46 ms, found 1 plugins.
Preloading 0 native plugins for Editor in 0.00 ms.
Mono: successfully reloaded assembly
- Completed reload, in  1.089 seconds
Platform modules already initialized, skipping
Refreshing native plugins compatible for Editor in 0.46 ms, found 1 plugins.
Preloading 0 native plugins for Editor in 0.00 ms.
Unloading 1817 Unused Serialized files (Serialized files now loaded: 0)
System memory in use before: 89.1 MB.
System memory in use after: 89.2 MB.

Unloading 7 unused Assets to reduce memory usage. Loaded Objects now: 2434.
Total: 2.273900 ms (FindLiveObjects: 0.226800 ms CreateObjectMapping: 0.074500 ms MarkObjects: 1.951700 ms  DeleteObjects: 0.019600 ms)

AssetImportWorkerClient::OnTransportError - code=2 error=End of file
